{"C:\\Users\\Carlos Eduardo\\Desktop\\pasta projetos para git\\microservicos\\simple-aribnb\\services\\propety-service\\src\\dtos\\createPropertyDto.ts": {"path":"C:\\Users\\Carlos Eduardo\\Desktop\\pasta projetos para git\\microservicos\\simple-aribnb\\services\\propety-service\\src\\dtos\\createPropertyDto.ts","statementMap":{"0":{"start":{"line":3,"column":42},"end":{"line":21,"column":2}},"1":{"start":{"line":9,"column":14},"end":{"line":9,"column":46}},"2":{"start":{"line":13,"column":13},"end":{"line":13,"column":24}},"3":{"start":{"line":17,"column":13},"end":{"line":17,"column":24}},"4":{"start":{"line":25,"column":40},"end":{"line":37,"column":2}}},"fnMap":{"0":{"name":"(anonymous_0)","decl":{"start":{"line":8,"column":15},"end":{"line":8,"column":null}},"loc":{"start":{"line":9,"column":14},"end":{"line":9,"column":46}},"line":9},"1":{"name":"(anonymous_1)","decl":{"start":{"line":12,"column":21},"end":{"line":12,"column":null}},"loc":{"start":{"line":13,"column":13},"end":{"line":13,"column":24}},"line":13},"2":{"name":"(anonymous_2)","decl":{"start":{"line":16,"column":16},"end":{"line":16,"column":null}},"loc":{"start":{"line":17,"column":13},"end":{"line":17,"column":24}},"line":17}},"branchMap":{"0":{"loc":{"start":{"line":9,"column":14},"end":{"line":9,"column":46}},"type":"cond-expr","locations":[{"start":{"line":9,"column":35},"end":{"line":9,"column":41}},{"start":{"line":9,"column":41},"end":{"line":9,"column":46}}],"line":9}},"s":{"0":1,"1":3,"2":3,"3":3,"4":1},"f":{"0":3,"1":3,"2":3},"b":{"0":[3,0]},"meta":{"lastBranch":1,"lastFunction":3,"lastStatement":5,"seen":{"s:3:42:21:2":0,"f:8:15:8:Infinity":0,"s:9:14:9:46":1,"b:9:35:9:41:9:41:9:46":0,"f:12:21:12:Infinity":1,"s:13:13:13:24":2,"f:16:16:16:Infinity":2,"s:17:13:17:24":3,"s:25:40:37:2":4}}}
,"C:\\Users\\Carlos Eduardo\\Desktop\\pasta projetos para git\\microservicos\\simple-aribnb\\services\\propety-service\\src\\dtos\\editPropertyDto.ts": {"path":"C:\\Users\\Carlos Eduardo\\Desktop\\pasta projetos para git\\microservicos\\simple-aribnb\\services\\propety-service\\src\\dtos\\editPropertyDto.ts","statementMap":{"0":{"start":{"line":3,"column":40},"end":{"line":21,"column":2}},"1":{"start":{"line":9,"column":14},"end":{"line":9,"column":null}},"2":{"start":{"line":13,"column":14},"end":{"line":13,"column":null}}},"fnMap":{"0":{"name":"(anonymous_0)","decl":{"start":{"line":8,"column":21},"end":{"line":8,"column":null}},"loc":{"start":{"line":9,"column":14},"end":{"line":9,"column":null}},"line":9},"1":{"name":"(anonymous_1)","decl":{"start":{"line":12,"column":16},"end":{"line":12,"column":null}},"loc":{"start":{"line":13,"column":14},"end":{"line":13,"column":null}},"line":13}},"branchMap":{"0":{"loc":{"start":{"line":9,"column":14},"end":{"line":9,"column":null}},"type":"cond-expr","locations":[{"start":{"line":9,"column":34},"end":{"line":9,"column":45}},{"start":{"line":9,"column":48},"end":{"line":9,"column":null}}],"line":9},"1":{"loc":{"start":{"line":13,"column":14},"end":{"line":13,"column":null}},"type":"cond-expr","locations":[{"start":{"line":13,"column":34},"end":{"line":13,"column":45}},{"start":{"line":13,"column":48},"end":{"line":13,"column":null}}],"line":13}},"s":{"0":1,"1":3,"2":3},"f":{"0":3,"1":3},"b":{"0":[1,2],"1":[0,3]},"meta":{"lastBranch":2,"lastFunction":2,"lastStatement":3,"seen":{"s:3:40:21:2":0,"f:8:21:8:Infinity":0,"s:9:14:9:Infinity":1,"b:9:34:9:45:9:48:9:Infinity":0,"f:12:16:12:Infinity":1,"s:13:14:13:Infinity":2,"b:13:34:13:45:13:48:13:Infinity":1}}}
,"C:\\Users\\Carlos Eduardo\\Desktop\\pasta projetos para git\\microservicos\\simple-aribnb\\services\\propety-service\\src\\dtos\\searchPropertiesByPriceRangeDto.ts": {"path":"C:\\Users\\Carlos Eduardo\\Desktop\\pasta projetos para git\\microservicos\\simple-aribnb\\services\\propety-service\\src\\dtos\\searchPropertiesByPriceRangeDto.ts","statementMap":{"0":{"start":{"line":3,"column":56},"end":{"line":17,"column":4}},"1":{"start":{"line":6,"column":15},"end":{"line":6,"column":26}},"2":{"start":{"line":10,"column":15},"end":{"line":10,"column":26}},"3":{"start":{"line":14,"column":20},"end":{"line":14,"column":52}}},"fnMap":{"0":{"name":"(anonymous_0)","decl":{"start":{"line":5,"column":16},"end":{"line":5,"column":null}},"loc":{"start":{"line":6,"column":15},"end":{"line":6,"column":26}},"line":6},"1":{"name":"(anonymous_1)","decl":{"start":{"line":9,"column":16},"end":{"line":9,"column":null}},"loc":{"start":{"line":10,"column":15},"end":{"line":10,"column":26}},"line":10},"2":{"name":"(anonymous_2)","decl":{"start":{"line":14,"column":3},"end":{"line":14,"column":11}},"loc":{"start":{"line":14,"column":20},"end":{"line":14,"column":52}},"line":14}},"branchMap":{},"s":{"0":1,"1":3,"2":3,"3":3},"f":{"0":3,"1":3,"2":3},"b":{},"meta":{"lastBranch":0,"lastFunction":3,"lastStatement":4,"seen":{"s:3:56:17:4":0,"f:5:16:5:Infinity":0,"s:6:15:6:26":1,"f:9:16:9:Infinity":1,"s:10:15:10:26":2,"f:14:3:14:11":2,"s:14:20:14:52":3}}}
,"C:\\Users\\Carlos Eduardo\\Desktop\\pasta projetos para git\\microservicos\\simple-aribnb\\services\\propety-service\\src\\dtos\\updatePropertyPriceDto.ts": {"path":"C:\\Users\\Carlos Eduardo\\Desktop\\pasta projetos para git\\microservicos\\simple-aribnb\\services\\propety-service\\src\\dtos\\updatePropertyPriceDto.ts","statementMap":{"0":{"start":{"line":3,"column":47},"end":{"line":8,"column":2}},"1":{"start":{"line":5,"column":13},"end":{"line":5,"column":24}}},"fnMap":{"0":{"name":"(anonymous_0)","decl":{"start":{"line":4,"column":11},"end":{"line":4,"column":null}},"loc":{"start":{"line":5,"column":13},"end":{"line":5,"column":24}},"line":5}},"branchMap":{},"s":{"0":1,"1":3},"f":{"0":3},"b":{},"meta":{"lastBranch":0,"lastFunction":1,"lastStatement":2,"seen":{"s:3:47:8:2":0,"f:4:11:4:Infinity":0,"s:5:13:5:24":1}}}
,"C:\\Users\\Carlos Eduardo\\Desktop\\pasta projetos para git\\microservicos\\simple-aribnb\\services\\propety-service\\src\\use-cases\\createProperty.ts": {"path":"C:\\Users\\Carlos Eduardo\\Desktop\\pasta projetos para git\\microservicos\\simple-aribnb\\services\\propety-service\\src\\use-cases\\createProperty.ts","statementMap":{"0":{"start":{"line":9,"column":12},"end":{"line":9,"column":null}},"1":{"start":{"line":10,"column":12},"end":{"line":10,"column":null}},"2":{"start":{"line":14,"column":28},"end":{"line":14,"column":68}},"3":{"start":{"line":16,"column":4},"end":{"line":17,"column":null}},"4":{"start":{"line":17,"column":6},"end":{"line":17,"column":null}},"5":{"start":{"line":20,"column":10},"end":{"line":20,"column":35}},"6":{"start":{"line":22,"column":22},"end":{"line":24,"column":null}},"7":{"start":{"line":27,"column":21},"end":{"line":39,"column":6}},"8":{"start":{"line":41,"column":4},"end":{"line":41,"column":null}}},"fnMap":{"0":{"name":"(anonymous_0)","decl":{"start":{"line":8,"column":2},"end":{"line":8,"column":null}},"loc":{"start":{"line":11,"column":4},"end":{"line":10,"column":null}},"line":11},"1":{"name":"(anonymous_1)","decl":{"start":{"line":13,"column":8},"end":{"line":13,"column":16}},"loc":{"start":{"line":13,"column":63},"end":{"line":41,"column":null}},"line":13}},"branchMap":{"0":{"loc":{"start":{"line":16,"column":4},"end":{"line":17,"column":null}},"type":"if","locations":[{"start":{"line":16,"column":4},"end":{"line":17,"column":null}},{"start":{},"end":{}}],"line":16},"1":{"loc":{"start":{"line":16,"column":8},"end":{"line":16,"column":38}},"type":"binary-expr","locations":[{"start":{"line":16,"column":8},"end":{"line":16,"column":18}},{"start":{"line":16,"column":18},"end":{"line":16,"column":38}}],"line":16}},"s":{"0":3,"1":3,"2":3,"3":3,"4":1,"5":1,"6":1,"7":1,"8":1},"f":{"0":3,"1":3},"b":{"0":[1,2],"1":[3,2]},"meta":{"lastBranch":2,"lastFunction":2,"lastStatement":9,"seen":{"f:8:2:8:Infinity":0,"s:9:12:9:Infinity":0,"s:10:12:10:Infinity":1,"f:13:8:13:16":1,"s:14:28:14:68":2,"b:16:4:17:Infinity:undefined:undefined:undefined:undefined":0,"s:16:4:17:Infinity":3,"b:16:8:16:18:16:18:16:38":1,"s:17:6:17:Infinity":4,"s:20:10:20:35":5,"s:22:22:24:Infinity":6,"s:27:21:39:6":7,"s:41:4:41:Infinity":8}}}
,"C:\\Users\\Carlos Eduardo\\Desktop\\pasta projetos para git\\microservicos\\simple-aribnb\\services\\propety-service\\src\\use-cases\\deleteProperty.ts": {"path":"C:\\Users\\Carlos Eduardo\\Desktop\\pasta projetos para git\\microservicos\\simple-aribnb\\services\\propety-service\\src\\use-cases\\deleteProperty.ts","statementMap":{"0":{"start":{"line":7,"column":12},"end":{"line":7,"column":null}},"1":{"start":{"line":8,"column":12},"end":{"line":8,"column":null}},"2":{"start":{"line":12,"column":21},"end":{"line":12,"column":70}},"3":{"start":{"line":14,"column":4},"end":{"line":15,"column":null}},"4":{"start":{"line":15,"column":6},"end":{"line":15,"column":null}},"5":{"start":{"line":18,"column":4},"end":{"line":24,"column":null}},"6":{"start":{"line":19,"column":6},"end":{"line":24,"column":null}},"7":{"start":{"line":21,"column":25},"end":{"line":21,"column":45}},"8":{"start":{"line":22,"column":25},"end":{"line":22,"column":null}},"9":{"start":{"line":24,"column":8},"end":{"line":24,"column":null}},"10":{"start":{"line":28,"column":4},"end":{"line":28,"column":null}}},"fnMap":{"0":{"name":"(anonymous_0)","decl":{"start":{"line":6,"column":2},"end":{"line":6,"column":null}},"loc":{"start":{"line":9,"column":4},"end":{"line":8,"column":null}},"line":9},"1":{"name":"(anonymous_1)","decl":{"start":{"line":11,"column":8},"end":{"line":11,"column":16}},"loc":{"start":{"line":11,"column":28},"end":{"line":28,"column":null}},"line":11}},"branchMap":{"0":{"loc":{"start":{"line":14,"column":4},"end":{"line":15,"column":null}},"type":"if","locations":[{"start":{"line":14,"column":4},"end":{"line":15,"column":null}},{"start":{},"end":{}}],"line":14},"1":{"loc":{"start":{"line":18,"column":4},"end":{"line":24,"column":null}},"type":"if","locations":[{"start":{"line":18,"column":4},"end":{"line":24,"column":null}},{"start":{},"end":{}}],"line":18},"2":{"loc":{"start":{"line":18,"column":8},"end":{"line":18,"column":73}},"type":"binary-expr","locations":[{"start":{"line":18,"column":8},"end":{"line":18,"column":35}},{"start":{"line":18,"column":35},"end":{"line":18,"column":73}}],"line":18}},"s":{"0":2,"1":2,"2":2,"3":2,"4":1,"5":1,"6":1,"7":2,"8":2,"9":2,"10":1},"f":{"0":2,"1":2},"b":{"0":[1,1],"1":[1,0],"2":[1,1]},"meta":{"lastBranch":3,"lastFunction":2,"lastStatement":11,"seen":{"f:6:2:6:Infinity":0,"s:7:12:7:Infinity":0,"s:8:12:8:Infinity":1,"f:11:8:11:16":1,"s:12:21:12:70":2,"b:14:4:15:Infinity:undefined:undefined:undefined:undefined":0,"s:14:4:15:Infinity":3,"s:15:6:15:Infinity":4,"b:18:4:24:Infinity:undefined:undefined:undefined:undefined":1,"s:18:4:24:Infinity":5,"b:18:8:18:35:18:35:18:73":2,"s:19:6:24:Infinity":6,"s:21:25:21:45":7,"s:22:25:22:Infinity":8,"s:24:8:24:Infinity":9,"s:28:4:28:Infinity":10}}}
,"C:\\Users\\Carlos Eduardo\\Desktop\\pasta projetos para git\\microservicos\\simple-aribnb\\services\\propety-service\\src\\use-cases\\editProperty.ts": {"path":"C:\\Users\\Carlos Eduardo\\Desktop\\pasta projetos para git\\microservicos\\simple-aribnb\\services\\propety-service\\src\\use-cases\\editProperty.ts","statementMap":{"0":{"start":{"line":9,"column":22},"end":{"line":9,"column":62}},"1":{"start":{"line":12,"column":28},"end":{"line":12,"column":66}},"2":{"start":{"line":14,"column":21},"end":{"line":14,"column":70}},"3":{"start":{"line":16,"column":4},"end":{"line":17,"column":null}},"4":{"start":{"line":17,"column":6},"end":{"line":17,"column":null}},"5":{"start":{"line":20,"column":28},"end":{"line":22,"column":null}},"6":{"start":{"line":25,"column":4},"end":{"line":25,"column":null}}},"fnMap":{"0":{"name":"(anonymous_0)","decl":{"start":{"line":9,"column":2},"end":{"line":9,"column":14}},"loc":{"start":{"line":9,"column":62},"end":{"line":9,"column":62}},"line":9},"1":{"name":"(anonymous_1)","decl":{"start":{"line":11,"column":8},"end":{"line":11,"column":16}},"loc":{"start":{"line":11,"column":56},"end":{"line":25,"column":null}},"line":11}},"branchMap":{"0":{"loc":{"start":{"line":16,"column":4},"end":{"line":17,"column":null}},"type":"if","locations":[{"start":{"line":16,"column":4},"end":{"line":17,"column":null}},{"start":{},"end":{}}],"line":16}},"s":{"0":3,"1":3,"2":3,"3":2,"4":1,"5":1,"6":1},"f":{"0":3,"1":3},"b":{"0":[1,1]},"meta":{"lastBranch":1,"lastFunction":2,"lastStatement":7,"seen":{"f:9:2:9:14":0,"s:9:22:9:62":0,"f:11:8:11:16":1,"s:12:28:12:66":1,"s:14:21:14:70":2,"b:16:4:17:Infinity:undefined:undefined:undefined:undefined":0,"s:16:4:17:Infinity":3,"s:17:6:17:Infinity":4,"s:20:28:22:Infinity":5,"s:25:4:25:Infinity":6}}}
,"C:\\Users\\Carlos Eduardo\\Desktop\\pasta projetos para git\\microservicos\\simple-aribnb\\services\\propety-service\\src\\use-cases\\getAllAvailableProperties.ts": {"path":"C:\\Users\\Carlos Eduardo\\Desktop\\pasta projetos para git\\microservicos\\simple-aribnb\\services\\propety-service\\src\\use-cases\\getAllAvailableProperties.ts","statementMap":{"0":{"start":{"line":5,"column":22},"end":{"line":5,"column":62}},"1":{"start":{"line":7,"column":23},"end":{"line":7,"column":79}},"2":{"start":{"line":9,"column":4},"end":{"line":10,"column":null}},"3":{"start":{"line":10,"column":6},"end":{"line":10,"column":null}},"4":{"start":{"line":13,"column":4},"end":{"line":13,"column":null}}},"fnMap":{"0":{"name":"(anonymous_0)","decl":{"start":{"line":5,"column":2},"end":{"line":5,"column":14}},"loc":{"start":{"line":5,"column":62},"end":{"line":5,"column":62}},"line":5},"1":{"name":"(anonymous_1)","decl":{"start":{"line":6,"column":8},"end":{"line":6,"column":18}},"loc":{"start":{"line":6,"column":18},"end":{"line":13,"column":null}},"line":6}},"branchMap":{"0":{"loc":{"start":{"line":9,"column":4},"end":{"line":10,"column":null}},"type":"if","locations":[{"start":{"line":9,"column":4},"end":{"line":10,"column":null}},{"start":{},"end":{}}],"line":9}},"s":{"0":2,"1":2,"2":2,"3":1,"4":1},"f":{"0":2,"1":2},"b":{"0":[1,1]},"meta":{"lastBranch":1,"lastFunction":2,"lastStatement":5,"seen":{"f:5:2:5:14":0,"s:5:22:5:62":0,"f:6:8:6:18":1,"s:7:23:7:79":1,"b:9:4:10:Infinity:undefined:undefined:undefined:undefined":0,"s:9:4:10:Infinity":2,"s:10:6:10:Infinity":3,"s:13:4:13:Infinity":4}}}
,"C:\\Users\\Carlos Eduardo\\Desktop\\pasta projetos para git\\microservicos\\simple-aribnb\\services\\propety-service\\src\\use-cases\\getAllProperties.ts": {"path":"C:\\Users\\Carlos Eduardo\\Desktop\\pasta projetos para git\\microservicos\\simple-aribnb\\services\\propety-service\\src\\use-cases\\getAllProperties.ts","statementMap":{"0":{"start":{"line":5,"column":22},"end":{"line":5,"column":62}},"1":{"start":{"line":8,"column":23},"end":{"line":8,"column":71}},"2":{"start":{"line":10,"column":4},"end":{"line":11,"column":null}},"3":{"start":{"line":11,"column":6},"end":{"line":11,"column":null}},"4":{"start":{"line":14,"column":4},"end":{"line":14,"column":null}}},"fnMap":{"0":{"name":"(anonymous_0)","decl":{"start":{"line":5,"column":2},"end":{"line":5,"column":14}},"loc":{"start":{"line":5,"column":62},"end":{"line":5,"column":62}},"line":5},"1":{"name":"(anonymous_1)","decl":{"start":{"line":7,"column":8},"end":{"line":7,"column":18}},"loc":{"start":{"line":7,"column":18},"end":{"line":14,"column":null}},"line":7}},"branchMap":{"0":{"loc":{"start":{"line":10,"column":4},"end":{"line":11,"column":null}},"type":"if","locations":[{"start":{"line":10,"column":4},"end":{"line":11,"column":null}},{"start":{},"end":{}}],"line":10}},"s":{"0":2,"1":2,"2":2,"3":1,"4":1},"f":{"0":2,"1":2},"b":{"0":[1,1]},"meta":{"lastBranch":1,"lastFunction":2,"lastStatement":5,"seen":{"f:5:2:5:14":0,"s:5:22:5:62":0,"f:7:8:7:18":1,"s:8:23:8:71":1,"b:10:4:11:Infinity:undefined:undefined:undefined:undefined":0,"s:10:4:11:Infinity":2,"s:11:6:11:Infinity":3,"s:14:4:14:Infinity":4}}}
,"C:\\Users\\Carlos Eduardo\\Desktop\\pasta projetos para git\\microservicos\\simple-aribnb\\services\\propety-service\\src\\use-cases\\searchPropertiesByCity.ts": {"path":"C:\\Users\\Carlos Eduardo\\Desktop\\pasta projetos para git\\microservicos\\simple-aribnb\\services\\propety-service\\src\\use-cases\\searchPropertiesByCity.ts","statementMap":{"0":{"start":{"line":5,"column":22},"end":{"line":5,"column":62}},"1":{"start":{"line":9,"column":6},"end":{"line":9,"column":64}},"2":{"start":{"line":11,"column":4},"end":{"line":12,"column":null}},"3":{"start":{"line":12,"column":6},"end":{"line":12,"column":null}},"4":{"start":{"line":15,"column":4},"end":{"line":15,"column":null}}},"fnMap":{"0":{"name":"(anonymous_0)","decl":{"start":{"line":5,"column":2},"end":{"line":5,"column":14}},"loc":{"start":{"line":5,"column":62},"end":{"line":5,"column":62}},"line":5},"1":{"name":"(anonymous_1)","decl":{"start":{"line":7,"column":8},"end":{"line":7,"column":16}},"loc":{"start":{"line":7,"column":30},"end":{"line":15,"column":null}},"line":7}},"branchMap":{"0":{"loc":{"start":{"line":11,"column":4},"end":{"line":12,"column":null}},"type":"if","locations":[{"start":{"line":11,"column":4},"end":{"line":12,"column":null}},{"start":{},"end":{}}],"line":11}},"s":{"0":2,"1":2,"2":2,"3":1,"4":1},"f":{"0":2,"1":2},"b":{"0":[1,1]},"meta":{"lastBranch":1,"lastFunction":2,"lastStatement":5,"seen":{"f:5:2:5:14":0,"s:5:22:5:62":0,"f:7:8:7:16":1,"s:9:6:9:64":1,"b:11:4:12:Infinity:undefined:undefined:undefined:undefined":0,"s:11:4:12:Infinity":2,"s:12:6:12:Infinity":3,"s:15:4:15:Infinity":4}}}
,"C:\\Users\\Carlos Eduardo\\Desktop\\pasta projetos para git\\microservicos\\simple-aribnb\\services\\propety-service\\src\\use-cases\\searchPropertiesByCountry.ts": {"path":"C:\\Users\\Carlos Eduardo\\Desktop\\pasta projetos para git\\microservicos\\simple-aribnb\\services\\propety-service\\src\\use-cases\\searchPropertiesByCountry.ts","statementMap":{"0":{"start":{"line":5,"column":22},"end":{"line":5,"column":62}},"1":{"start":{"line":9,"column":6},"end":{"line":9,"column":70}},"2":{"start":{"line":11,"column":4},"end":{"line":12,"column":null}},"3":{"start":{"line":12,"column":6},"end":{"line":12,"column":null}},"4":{"start":{"line":15,"column":4},"end":{"line":15,"column":null}}},"fnMap":{"0":{"name":"(anonymous_0)","decl":{"start":{"line":5,"column":2},"end":{"line":5,"column":14}},"loc":{"start":{"line":5,"column":62},"end":{"line":5,"column":62}},"line":5},"1":{"name":"(anonymous_1)","decl":{"start":{"line":7,"column":8},"end":{"line":7,"column":16}},"loc":{"start":{"line":7,"column":33},"end":{"line":15,"column":null}},"line":7}},"branchMap":{"0":{"loc":{"start":{"line":11,"column":4},"end":{"line":12,"column":null}},"type":"if","locations":[{"start":{"line":11,"column":4},"end":{"line":12,"column":null}},{"start":{},"end":{}}],"line":11}},"s":{"0":2,"1":2,"2":2,"3":1,"4":1},"f":{"0":2,"1":2},"b":{"0":[1,1]},"meta":{"lastBranch":1,"lastFunction":2,"lastStatement":5,"seen":{"f:5:2:5:14":0,"s:5:22:5:62":0,"f:7:8:7:16":1,"s:9:6:9:70":1,"b:11:4:12:Infinity:undefined:undefined:undefined:undefined":0,"s:11:4:12:Infinity":2,"s:12:6:12:Infinity":3,"s:15:4:15:Infinity":4}}}
,"C:\\Users\\Carlos Eduardo\\Desktop\\pasta projetos para git\\microservicos\\simple-aribnb\\services\\propety-service\\src\\use-cases\\searchPropertiesByPriceRange.ts": {"path":"C:\\Users\\Carlos Eduardo\\Desktop\\pasta projetos para git\\microservicos\\simple-aribnb\\services\\propety-service\\src\\use-cases\\searchPropertiesByPriceRange.ts","statementMap":{"0":{"start":{"line":9,"column":22},"end":{"line":9,"column":62}},"1":{"start":{"line":13,"column":6},"end":{"line":13,"column":60}},"2":{"start":{"line":16,"column":6},"end":{"line":18,"column":null}},"3":{"start":{"line":21,"column":4},"end":{"line":22,"column":null}},"4":{"start":{"line":22,"column":6},"end":{"line":22,"column":null}},"5":{"start":{"line":25,"column":4},"end":{"line":25,"column":null}}},"fnMap":{"0":{"name":"(anonymous_0)","decl":{"start":{"line":9,"column":2},"end":{"line":9,"column":14}},"loc":{"start":{"line":9,"column":62},"end":{"line":9,"column":62}},"line":9},"1":{"name":"(anonymous_1)","decl":{"start":{"line":11,"column":8},"end":{"line":11,"column":16}},"loc":{"start":{"line":11,"column":60},"end":{"line":25,"column":null}},"line":11}},"branchMap":{"0":{"loc":{"start":{"line":21,"column":4},"end":{"line":22,"column":null}},"type":"if","locations":[{"start":{"line":21,"column":4},"end":{"line":22,"column":null}},{"start":{},"end":{}}],"line":21}},"s":{"0":3,"1":3,"2":3,"3":2,"4":1,"5":1},"f":{"0":3,"1":3},"b":{"0":[1,1]},"meta":{"lastBranch":1,"lastFunction":2,"lastStatement":6,"seen":{"f:9:2:9:14":0,"s:9:22:9:62":0,"f:11:8:11:16":1,"s:13:6:13:60":1,"s:16:6:18:Infinity":2,"b:21:4:22:Infinity:undefined:undefined:undefined:undefined":0,"s:21:4:22:Infinity":3,"s:22:6:22:Infinity":4,"s:25:4:25:Infinity":5}}}
,"C:\\Users\\Carlos Eduardo\\Desktop\\pasta projetos para git\\microservicos\\simple-aribnb\\services\\propety-service\\src\\use-cases\\updatePropertyPrice.ts": {"path":"C:\\Users\\Carlos Eduardo\\Desktop\\pasta projetos para git\\microservicos\\simple-aribnb\\services\\propety-service\\src\\use-cases\\updatePropertyPrice.ts","statementMap":{"0":{"start":{"line":9,"column":22},"end":{"line":9,"column":62}},"1":{"start":{"line":12,"column":22},"end":{"line":12,"column":67}},"2":{"start":{"line":14,"column":21},"end":{"line":14,"column":70}},"3":{"start":{"line":16,"column":4},"end":{"line":17,"column":null}},"4":{"start":{"line":17,"column":6},"end":{"line":17,"column":null}},"5":{"start":{"line":20,"column":28},"end":{"line":22,"column":null}},"6":{"start":{"line":25,"column":4},"end":{"line":25,"column":null}}},"fnMap":{"0":{"name":"(anonymous_0)","decl":{"start":{"line":9,"column":2},"end":{"line":9,"column":14}},"loc":{"start":{"line":9,"column":62},"end":{"line":9,"column":62}},"line":9},"1":{"name":"(anonymous_1)","decl":{"start":{"line":11,"column":8},"end":{"line":11,"column":16}},"loc":{"start":{"line":11,"column":63},"end":{"line":25,"column":null}},"line":11}},"branchMap":{"0":{"loc":{"start":{"line":16,"column":4},"end":{"line":17,"column":null}},"type":"if","locations":[{"start":{"line":16,"column":4},"end":{"line":17,"column":null}},{"start":{},"end":{}}],"line":16}},"s":{"0":3,"1":3,"2":3,"3":2,"4":1,"5":1,"6":1},"f":{"0":3,"1":3},"b":{"0":[1,1]},"meta":{"lastBranch":1,"lastFunction":2,"lastStatement":7,"seen":{"f:9:2:9:14":0,"s:9:22:9:62":0,"f:11:8:11:16":1,"s:12:22:12:67":1,"s:14:21:14:70":2,"b:16:4:17:Infinity:undefined:undefined:undefined:undefined":0,"s:16:4:17:Infinity":3,"s:17:6:17:Infinity":4,"s:20:28:22:Infinity":5,"s:25:4:25:Infinity":6}}}
,"C:\\Users\\Carlos Eduardo\\Desktop\\pasta projetos para git\\microservicos\\simple-aribnb\\services\\propety-service\\src\\use-cases\\errors\\NoPropertiesFoundError.ts": {"path":"C:\\Users\\Carlos Eduardo\\Desktop\\pasta projetos para git\\microservicos\\simple-aribnb\\services\\propety-service\\src\\use-cases\\errors\\NoPropertiesFoundError.ts","statementMap":{"0":{"start":{"line":3,"column":4},"end":{"line":3,"column":null}},"1":{"start":{"line":4,"column":4},"end":{"line":4,"column":null}}},"fnMap":{"0":{"name":"(anonymous_0)","decl":{"start":{"line":2,"column":2},"end":{"line":2,"column":16}},"loc":{"start":{"line":2,"column":16},"end":{"line":4,"column":null}},"line":2}},"branchMap":{},"s":{"0":4,"1":4},"f":{"0":4},"b":{},"meta":{"lastBranch":0,"lastFunction":1,"lastStatement":2,"seen":{"f:2:2:2:16":0,"s:3:4:3:Infinity":0,"s:4:4:4:Infinity":1}}}
,"C:\\Users\\Carlos Eduardo\\Desktop\\pasta projetos para git\\microservicos\\simple-aribnb\\services\\propety-service\\src\\use-cases\\errors\\NoPropertiesInPriceRangeError.ts": {"path":"C:\\Users\\Carlos Eduardo\\Desktop\\pasta projetos para git\\microservicos\\simple-aribnb\\services\\propety-service\\src\\use-cases\\errors\\NoPropertiesInPriceRangeError.ts","statementMap":{"0":{"start":{"line":3,"column":4},"end":{"line":3,"column":null}},"1":{"start":{"line":4,"column":4},"end":{"line":4,"column":null}}},"fnMap":{"0":{"name":"(anonymous_0)","decl":{"start":{"line":2,"column":2},"end":{"line":2,"column":14}},"loc":{"start":{"line":2,"column":50},"end":{"line":4,"column":null}},"line":2}},"branchMap":{},"s":{"0":1,"1":1},"f":{"0":1},"b":{},"meta":{"lastBranch":0,"lastFunction":1,"lastStatement":2,"seen":{"f:2:2:2:14":0,"s:3:4:3:Infinity":0,"s:4:4:4:Infinity":1}}}
,"C:\\Users\\Carlos Eduardo\\Desktop\\pasta projetos para git\\microservicos\\simple-aribnb\\services\\propety-service\\src\\use-cases\\errors\\PropertyImageRequiredError.ts": {"path":"C:\\Users\\Carlos Eduardo\\Desktop\\pasta projetos para git\\microservicos\\simple-aribnb\\services\\propety-service\\src\\use-cases\\errors\\PropertyImageRequiredError.ts","statementMap":{"0":{"start":{"line":3,"column":4},"end":{"line":3,"column":null}},"1":{"start":{"line":4,"column":4},"end":{"line":4,"column":null}}},"fnMap":{"0":{"name":"(anonymous_0)","decl":{"start":{"line":2,"column":2},"end":{"line":2,"column":16}},"loc":{"start":{"line":2,"column":16},"end":{"line":4,"column":null}},"line":2}},"branchMap":{},"s":{"0":1,"1":1},"f":{"0":1},"b":{},"meta":{"lastBranch":0,"lastFunction":1,"lastStatement":2,"seen":{"f:2:2:2:16":0,"s:3:4:3:Infinity":0,"s:4:4:4:Infinity":1}}}
,"C:\\Users\\Carlos Eduardo\\Desktop\\pasta projetos para git\\microservicos\\simple-aribnb\\services\\propety-service\\src\\use-cases\\errors\\PropertyNotFoundError.ts": {"path":"C:\\Users\\Carlos Eduardo\\Desktop\\pasta projetos para git\\microservicos\\simple-aribnb\\services\\propety-service\\src\\use-cases\\errors\\PropertyNotFoundError.ts","statementMap":{"0":{"start":{"line":3,"column":4},"end":{"line":7,"column":null}},"1":{"start":{"line":8,"column":4},"end":{"line":8,"column":null}}},"fnMap":{"0":{"name":"(anonymous_0)","decl":{"start":{"line":2,"column":2},"end":{"line":2,"column":14}},"loc":{"start":{"line":2,"column":35},"end":{"line":8,"column":null}},"line":2}},"branchMap":{"0":{"loc":{"start":{"line":4,"column":6},"end":{"line":6,"column":null}},"type":"cond-expr","locations":[{"start":{"line":5,"column":10},"end":{"line":5,"column":null}},{"start":{"line":6,"column":10},"end":{"line":6,"column":null}}],"line":4}},"s":{"0":3,"1":3},"f":{"0":3},"b":{"0":[3,0]},"meta":{"lastBranch":1,"lastFunction":1,"lastStatement":2,"seen":{"f:2:2:2:14":0,"s:3:4:7:Infinity":0,"b:5:10:5:Infinity:6:10:6:Infinity":0,"s:8:4:8:Infinity":1}}}
,"C:\\Users\\Carlos Eduardo\\Desktop\\pasta projetos para git\\microservicos\\simple-aribnb\\services\\propety-service\\src\\use-cases\\errors\\index.ts": {"path":"C:\\Users\\Carlos Eduardo\\Desktop\\pasta projetos para git\\microservicos\\simple-aribnb\\services\\propety-service\\src\\use-cases\\errors\\index.ts","statementMap":{},"fnMap":{},"branchMap":{},"s":{},"f":{},"b":{},"meta":{"lastBranch":0,"lastFunction":0,"lastStatement":0,"seen":{}}}
}
