<?xml version="1.0" encoding="UTF-8"?>
<coverage generated="1773668257972" clover="3.2.0">
  <project timestamp="1773668257973" name="All files">
    <metrics statements="116" coveredstatements="99" conditionals="44" coveredconditionals="32" methods="29" coveredmethods="26" elements="189" coveredelements="157" complexity="0" loc="116" ncloc="116" packages="4" files="21" classes="21"/>
    <package name="dtos">
      <metrics statements="2" coveredstatements="2" conditionals="0" coveredconditionals="0" methods="0" coveredmethods="0"/>
      <file name="createBookingDto.ts" path="C:\Users\Carlos Eduardo\Desktop\pasta projetos para git\microservicos\simple-aribnb\services\booking-service\src\dtos\createBookingDto.ts">
        <metrics statements="2" coveredstatements="2" conditionals="0" coveredconditionals="0" methods="0" coveredmethods="0"/>
        <line num="3" count="1" type="stmt"/>
        <line num="13" count="1" type="stmt"/>
      </file>
    </package>
    <package name="helpers">
      <metrics statements="41" coveredstatements="25" conditionals="20" coveredconditionals="10" methods="6" coveredmethods="3"/>
      <file name="calculateTotalPrice.ts" path="C:\Users\Carlos Eduardo\Desktop\pasta projetos para git\microservicos\simple-aribnb\services\booking-service\src\helpers\calculateTotalPrice.ts">
        <metrics statements="11" coveredstatements="6" conditionals="2" coveredconditionals="1" methods="2" coveredmethods="1"/>
        <line num="6" count="1" type="stmt"/>
        <line num="7" count="1" type="stmt"/>
        <line num="9" count="1" type="stmt"/>
        <line num="10" count="1" type="stmt"/>
        <line num="12" count="1" type="cond" truecount="1" falsecount="1"/>
        <line num="13" count="0" type="stmt"/>
        <line num="16" count="1" type="stmt"/>
        <line num="20" count="0" type="stmt"/>
        <line num="21" count="0" type="stmt"/>
        <line num="23" count="0" type="stmt"/>
        <line num="24" count="0" type="stmt"/>
      </file>
      <file name="index.ts" path="C:\Users\Carlos Eduardo\Desktop\pasta projetos para git\microservicos\simple-aribnb\services\booking-service\src\helpers\index.ts">
        <metrics statements="0" coveredstatements="0" conditionals="0" coveredconditionals="0" methods="0" coveredmethods="0"/>
      </file>
      <file name="validateAvailability.ts" path="C:\Users\Carlos Eduardo\Desktop\pasta projetos para git\microservicos\simple-aribnb\services\booking-service\src\helpers\validateAvailability.ts">
        <metrics statements="30" coveredstatements="19" conditionals="18" coveredconditionals="9" methods="4" coveredmethods="2"/>
        <line num="9" count="2" type="stmt"/>
        <line num="10" count="2" type="stmt"/>
        <line num="12" count="2" type="stmt"/>
        <line num="14" count="1" type="cond" truecount="2" falsecount="2"/>
        <line num="15" count="0" type="stmt"/>
        <line num="19" count="1" type="cond" truecount="1" falsecount="1"/>
        <line num="20" count="0" type="stmt"/>
        <line num="23" count="1" type="stmt"/>
        <line num="24" count="1" type="stmt"/>
        <line num="27" count="1" type="cond" truecount="2" falsecount="0"/>
        <line num="29" count="1" type="cond" truecount="1" falsecount="1"/>
        <line num="30" count="1" type="stmt"/>
        <line num="34" count="1" type="stmt"/>
        <line num="38" count="3" type="stmt"/>
        <line num="39" count="3" type="stmt"/>
        <line num="40" count="3" type="stmt"/>
        <line num="41" count="3" type="stmt"/>
        <line num="43" count="3" type="cond" truecount="2" falsecount="0"/>
        <line num="44" count="1" type="stmt"/>
        <line num="47" count="2" type="cond" truecount="1" falsecount="1"/>
        <line num="48" count="0" type="stmt"/>
        <line num="51" count="2" type="stmt"/>
        <line num="59" count="0" type="stmt"/>
        <line num="60" count="0" type="stmt"/>
        <line num="62" count="0" type="stmt"/>
        <line num="63" count="0" type="cond" truecount="0" falsecount="2"/>
        <line num="64" count="0" type="stmt"/>
        <line num="67" count="0" type="stmt"/>
        <line num="68" count="0" type="stmt"/>
        <line num="70" count="0" type="cond" truecount="0" falsecount="2"/>
      </file>
    </package>
    <package name="use-cases">
      <metrics statements="55" coveredstatements="54" conditionals="22" coveredconditionals="21" methods="14" coveredmethods="14"/>
      <file name="cancelBooking.ts" path="C:\Users\Carlos Eduardo\Desktop\pasta projetos para git\microservicos\simple-aribnb\services\booking-service\src\use-cases\cancelBooking.ts">
        <metrics statements="8" coveredstatements="8" conditionals="4" coveredconditionals="4" methods="2" coveredmethods="2"/>
        <line num="5" count="3" type="stmt"/>
        <line num="8" count="3" type="stmt"/>
        <line num="10" count="3" type="cond" truecount="2" falsecount="0"/>
        <line num="11" count="1" type="stmt"/>
        <line num="14" count="2" type="cond" truecount="2" falsecount="0"/>
        <line num="15" count="1" type="stmt"/>
        <line num="19" count="1" type="stmt"/>
        <line num="21" count="1" type="stmt"/>
      </file>
      <file name="confirmBooking.ts" path="C:\Users\Carlos Eduardo\Desktop\pasta projetos para git\microservicos\simple-aribnb\services\booking-service\src\use-cases\confirmBooking.ts">
        <metrics statements="10" coveredstatements="10" conditionals="6" coveredconditionals="6" methods="2" coveredmethods="2"/>
        <line num="9" count="4" type="stmt"/>
        <line num="12" count="4" type="stmt"/>
        <line num="14" count="4" type="cond" truecount="2" falsecount="0"/>
        <line num="15" count="1" type="stmt"/>
        <line num="18" count="3" type="cond" truecount="2" falsecount="0"/>
        <line num="19" count="1" type="stmt"/>
        <line num="22" count="2" type="cond" truecount="2" falsecount="0"/>
        <line num="23" count="1" type="stmt"/>
        <line num="27" count="1" type="stmt"/>
        <line num="29" count="1" type="stmt"/>
      </file>
      <file name="createBooking.ts" path="C:\Users\Carlos Eduardo\Desktop\pasta projetos para git\microservicos\simple-aribnb\services\booking-service\src\use-cases\createBooking.ts">
        <metrics statements="17" coveredstatements="16" conditionals="4" coveredconditionals="3" methods="2" coveredmethods="2"/>
        <line num="13" count="3" type="stmt"/>
        <line num="14" count="3" type="stmt"/>
        <line num="18" count="3" type="stmt"/>
        <line num="21" count="3" type="stmt"/>
        <line num="24" count="3" type="stmt"/>
        <line num="25" count="3" type="stmt"/>
        <line num="27" count="1" type="cond" truecount="1" falsecount="1"/>
        <line num="28" count="1" type="stmt"/>
        <line num="30" count="0" type="stmt"/>
        <line num="35" count="2" type="stmt"/>
        <line num="36" count="2" type="stmt"/>
        <line num="42" count="2" type="cond" truecount="2" falsecount="0"/>
        <line num="43" count="1" type="stmt"/>
        <line num="47" count="1" type="stmt"/>
        <line num="49" count="1" type="stmt"/>
        <line num="57" count="1" type="stmt"/>
        <line num="63" count="1" type="stmt"/>
      </file>
      <file name="getAllBookings.ts" path="C:\Users\Carlos Eduardo\Desktop\pasta projetos para git\microservicos\simple-aribnb\services\booking-service\src\use-cases\getAllBookings.ts">
        <metrics statements="5" coveredstatements="5" conditionals="2" coveredconditionals="2" methods="2" coveredmethods="2"/>
        <line num="5" count="2" type="stmt"/>
        <line num="8" count="2" type="stmt"/>
        <line num="10" count="2" type="cond" truecount="2" falsecount="0"/>
        <line num="11" count="1" type="stmt"/>
        <line num="14" count="1" type="stmt"/>
      </file>
      <file name="getBookingById.ts" path="C:\Users\Carlos Eduardo\Desktop\pasta projetos para git\microservicos\simple-aribnb\services\booking-service\src\use-cases\getBookingById.ts">
        <metrics statements="5" coveredstatements="5" conditionals="2" coveredconditionals="2" methods="2" coveredmethods="2"/>
        <line num="5" count="2" type="stmt"/>
        <line num="8" count="2" type="stmt"/>
        <line num="10" count="2" type="cond" truecount="2" falsecount="0"/>
        <line num="11" count="1" type="stmt"/>
        <line num="14" count="1" type="stmt"/>
      </file>
      <file name="getBookingsByGuest.ts" path="C:\Users\Carlos Eduardo\Desktop\pasta projetos para git\microservicos\simple-aribnb\services\booking-service\src\use-cases\getBookingsByGuest.ts">
        <metrics statements="5" coveredstatements="5" conditionals="2" coveredconditionals="2" methods="2" coveredmethods="2"/>
        <line num="5" count="2" type="stmt"/>
        <line num="8" count="2" type="stmt"/>
        <line num="10" count="2" type="cond" truecount="2" falsecount="0"/>
        <line num="11" count="1" type="stmt"/>
        <line num="14" count="1" type="stmt"/>
      </file>
      <file name="getBookingsByProperty.ts" path="C:\Users\Carlos Eduardo\Desktop\pasta projetos para git\microservicos\simple-aribnb\services\booking-service\src\use-cases\getBookingsByProperty.ts">
        <metrics statements="5" coveredstatements="5" conditionals="2" coveredconditionals="2" methods="2" coveredmethods="2"/>
        <line num="5" count="2" type="stmt"/>
        <line num="9" count="2" type="stmt"/>
        <line num="11" count="2" type="cond" truecount="2" falsecount="0"/>
        <line num="12" count="1" type="stmt"/>
        <line num="15" count="1" type="stmt"/>
      </file>
    </package>
    <package name="use-cases.errors">
      <metrics statements="18" coveredstatements="18" conditionals="2" coveredconditionals="1" methods="9" coveredmethods="9"/>
      <file name="BookingAlreadyCancelledError.ts" path="C:\Users\Carlos Eduardo\Desktop\pasta projetos para git\microservicos\simple-aribnb\services\booking-service\src\use-cases\errors\BookingAlreadyCancelledError.ts">
        <metrics statements="2" coveredstatements="2" conditionals="0" coveredconditionals="0" methods="1" coveredmethods="1"/>
        <line num="3" count="1" type="stmt"/>
        <line num="4" count="1" type="stmt"/>
      </file>
      <file name="BookingAlreadyConfirmedError.ts" path="C:\Users\Carlos Eduardo\Desktop\pasta projetos para git\microservicos\simple-aribnb\services\booking-service\src\use-cases\errors\BookingAlreadyConfirmedError.ts">
        <metrics statements="2" coveredstatements="2" conditionals="0" coveredconditionals="0" methods="1" coveredmethods="1"/>
        <line num="3" count="1" type="stmt"/>
        <line num="4" count="1" type="stmt"/>
      </file>
      <file name="BookingNotFoundError.ts" path="C:\Users\Carlos Eduardo\Desktop\pasta projetos para git\microservicos\simple-aribnb\services\booking-service\src\use-cases\errors\BookingNotFoundError.ts">
        <metrics statements="2" coveredstatements="2" conditionals="2" coveredconditionals="1" methods="1" coveredmethods="1"/>
        <line num="3" count="3" type="stmt"/>
        <line num="8" count="3" type="stmt"/>
      </file>
      <file name="CannotConfirmCancelledBookingError.ts" path="C:\Users\Carlos Eduardo\Desktop\pasta projetos para git\microservicos\simple-aribnb\services\booking-service\src\use-cases\errors\CannotConfirmCancelledBookingError.ts">
        <metrics statements="2" coveredstatements="2" conditionals="0" coveredconditionals="0" methods="1" coveredmethods="1"/>
        <line num="3" count="1" type="stmt"/>
        <line num="4" count="1" type="stmt"/>
      </file>
      <file name="InvalidBookingDatesError.ts" path="C:\Users\Carlos Eduardo\Desktop\pasta projetos para git\microservicos\simple-aribnb\services\booking-service\src\use-cases\errors\InvalidBookingDatesError.ts">
        <metrics statements="2" coveredstatements="2" conditionals="0" coveredconditionals="0" methods="1" coveredmethods="1"/>
        <line num="3" count="1" type="stmt"/>
        <line num="4" count="1" type="stmt"/>
      </file>
      <file name="NoBookingsFoundError.ts" path="C:\Users\Carlos Eduardo\Desktop\pasta projetos para git\microservicos\simple-aribnb\services\booking-service\src\use-cases\errors\NoBookingsFoundError.ts">
        <metrics statements="2" coveredstatements="2" conditionals="0" coveredconditionals="0" methods="1" coveredmethods="1"/>
        <line num="3" count="1" type="stmt"/>
        <line num="4" count="1" type="stmt"/>
      </file>
      <file name="NoBookingsFoundForGuestError.ts" path="C:\Users\Carlos Eduardo\Desktop\pasta projetos para git\microservicos\simple-aribnb\services\booking-service\src\use-cases\errors\NoBookingsFoundForGuestError.ts">
        <metrics statements="2" coveredstatements="2" conditionals="0" coveredconditionals="0" methods="1" coveredmethods="1"/>
        <line num="3" count="1" type="stmt"/>
        <line num="4" count="1" type="stmt"/>
      </file>
      <file name="NoBookingsFoundForPropertyError.ts" path="C:\Users\Carlos Eduardo\Desktop\pasta projetos para git\microservicos\simple-aribnb\services\booking-service\src\use-cases\errors\NoBookingsFoundForPropertyError.ts">
        <metrics statements="2" coveredstatements="2" conditionals="0" coveredconditionals="0" methods="1" coveredmethods="1"/>
        <line num="3" count="1" type="stmt"/>
        <line num="4" count="1" type="stmt"/>
      </file>
      <file name="PropertyNotAvailableError.ts" path="C:\Users\Carlos Eduardo\Desktop\pasta projetos para git\microservicos\simple-aribnb\services\booking-service\src\use-cases\errors\PropertyNotAvailableError.ts">
        <metrics statements="2" coveredstatements="2" conditionals="0" coveredconditionals="0" methods="1" coveredmethods="1"/>
        <line num="3" count="1" type="stmt"/>
        <line num="6" count="1" type="stmt"/>
      </file>
      <file name="index.ts" path="C:\Users\Carlos Eduardo\Desktop\pasta projetos para git\microservicos\simple-aribnb\services\booking-service\src\use-cases\errors\index.ts">
        <metrics statements="0" coveredstatements="0" conditionals="0" coveredconditionals="0" methods="0" coveredmethods="0"/>
      </file>
    </package>
  </project>
</coverage>
