{"C:\\Users\\Carlos Eduardo\\Desktop\\pasta projetos para git\\microservicos\\simple-aribnb\\services\\booking-service\\src\\dtos\\createBookingDto.ts": {"path":"C:\\Users\\Carlos Eduardo\\Desktop\\pasta projetos para git\\microservicos\\simple-aribnb\\services\\booking-service\\src\\dtos\\createBookingDto.ts","statementMap":{"0":{"start":{"line":3,"column":41},"end":{"line":9,"column":2}},"1":{"start":{"line":13,"column":39},"end":{"line":19,"column":2}}},"fnMap":{},"branchMap":{},"s":{"0":1,"1":1},"f":{},"b":{},"meta":{"lastBranch":0,"lastFunction":0,"lastStatement":2,"seen":{"s:3:41:9:2":0,"s:13:39:19:2":1}}}
,"C:\\Users\\Carlos Eduardo\\Desktop\\pasta projetos para git\\microservicos\\simple-aribnb\\services\\booking-service\\src\\helpers\\calculateTotalPrice.ts": {"path":"C:\\Users\\Carlos Eduardo\\Desktop\\pasta projetos para git\\microservicos\\simple-aribnb\\services\\booking-service\\src\\helpers\\calculateTotalPrice.ts","statementMap":{"0":{"start":{"line":6,"column":22},"end":{"line":6,"column":39}},"1":{"start":{"line":7,"column":23},"end":{"line":7,"column":41}},"2":{"start":{"line":9,"column":19},"end":{"line":9,"column":65}},"3":{"start":{"line":10,"column":25},"end":{"line":10,"column":68}},"4":{"start":{"line":12,"column":2},"end":{"line":13,"column":null}},"5":{"start":{"line":13,"column":4},"end":{"line":13,"column":null}},"6":{"start":{"line":16,"column":2},"end":{"line":16,"column":null}},"7":{"start":{"line":20,"column":22},"end":{"line":20,"column":39}},"8":{"start":{"line":21,"column":23},"end":{"line":21,"column":41}},"9":{"start":{"line":23,"column":19},"end":{"line":23,"column":65}},"10":{"start":{"line":24,"column":2},"end":{"line":24,"column":null}}},"fnMap":{"0":{"name":"calculateTotalPrice","decl":{"start":{"line":1,"column":16},"end":{"line":1,"column":null}},"loc":{"start":{"line":5,"column":10},"end":{"line":16,"column":null}},"line":5},"1":{"name":"getNumberOfNights","decl":{"start":{"line":19,"column":16},"end":{"line":19,"column":34}},"loc":{"start":{"line":19,"column":73},"end":{"line":24,"column":null}},"line":19}},"branchMap":{"0":{"loc":{"start":{"line":12,"column":2},"end":{"line":13,"column":null}},"type":"if","locations":[{"start":{"line":12,"column":2},"end":{"line":13,"column":null}},{"start":{},"end":{}}],"line":12}},"s":{"0":1,"1":1,"2":1,"3":1,"4":1,"5":0,"6":1,"7":0,"8":0,"9":0,"10":0},"f":{"0":1,"1":0},"b":{"0":[0,1]},"meta":{"lastBranch":1,"lastFunction":2,"lastStatement":11,"seen":{"f:1:16:1:Infinity":0,"s:6:22:6:39":0,"s:7:23:7:41":1,"s:9:19:9:65":2,"s:10:25:10:68":3,"b:12:2:13:Infinity:undefined:undefined:undefined:undefined":0,"s:12:2:13:Infinity":4,"s:13:4:13:Infinity":5,"s:16:2:16:Infinity":6,"f:19:16:19:34":1,"s:20:22:20:39":7,"s:21:23:21:41":8,"s:23:19:23:65":9,"s:24:2:24:Infinity":10}}}
,"C:\\Users\\Carlos Eduardo\\Desktop\\pasta projetos para git\\microservicos\\simple-aribnb\\services\\booking-service\\src\\helpers\\index.ts": {"path":"C:\\Users\\Carlos Eduardo\\Desktop\\pasta projetos para git\\microservicos\\simple-aribnb\\services\\booking-service\\src\\helpers\\index.ts","statementMap":{},"fnMap":{},"branchMap":{},"s":{},"f":{},"b":{},"meta":{"lastBranch":0,"lastFunction":0,"lastStatement":0,"seen":{}}}
,"C:\\Users\\Carlos Eduardo\\Desktop\\pasta projetos para git\\microservicos\\simple-aribnb\\services\\booking-service\\src\\helpers\\validateAvailability.ts": {"path":"C:\\Users\\Carlos Eduardo\\Desktop\\pasta projetos para git\\microservicos\\simple-aribnb\\services\\booking-service\\src\\helpers\\validateAvailability.ts","statementMap":{"0":{"start":{"line":9,"column":21},"end":{"line":9,"column":38}},"1":{"start":{"line":10,"column":22},"end":{"line":10,"column":40}},"2":{"start":{"line":12,"column":2},"end":{"line":30,"column":null}},"3":{"start":{"line":14,"column":4},"end":{"line":15,"column":null}},"4":{"start":{"line":15,"column":6},"end":{"line":15,"column":null}},"5":{"start":{"line":19,"column":4},"end":{"line":20,"column":null}},"6":{"start":{"line":20,"column":6},"end":{"line":20,"column":null}},"7":{"start":{"line":23,"column":28},"end":{"line":23,"column":53}},"8":{"start":{"line":24,"column":29},"end":{"line":24,"column":55}},"9":{"start":{"line":27,"column":6},"end":{"line":27,"column":null}},"10":{"start":{"line":29,"column":4},"end":{"line":30,"column":null}},"11":{"start":{"line":30,"column":6},"end":{"line":30,"column":null}},"12":{"start":{"line":34,"column":2},"end":{"line":34,"column":null}},"13":{"start":{"line":38,"column":22},"end":{"line":38,"column":39}},"14":{"start":{"line":39,"column":23},"end":{"line":39,"column":41}},"15":{"start":{"line":40,"column":16},"end":{"line":40,"column":26}},"16":{"start":{"line":41,"column":2},"end":{"line":41,"column":null}},"17":{"start":{"line":43,"column":2},"end":{"line":44,"column":null}},"18":{"start":{"line":44,"column":4},"end":{"line":44,"column":null}},"19":{"start":{"line":47,"column":2},"end":{"line":48,"column":null}},"20":{"start":{"line":48,"column":4},"end":{"line":48,"column":null}},"21":{"start":{"line":51,"column":2},"end":{"line":51,"column":null}},"22":{"start":{"line":59,"column":21},"end":{"line":59,"column":38}},"23":{"start":{"line":60,"column":22},"end":{"line":60,"column":40}},"24":{"start":{"line":62,"column":2},"end":{"line":71,"column":null}},"25":{"start":{"line":63,"column":4},"end":{"line":64,"column":null}},"26":{"start":{"line":64,"column":6},"end":{"line":64,"column":null}},"27":{"start":{"line":67,"column":28},"end":{"line":67,"column":53}},"28":{"start":{"line":68,"column":29},"end":{"line":68,"column":55}},"29":{"start":{"line":70,"column":4},"end":{"line":70,"column":null}}},"fnMap":{"0":{"name":"validateAvailability","decl":{"start":{"line":3,"column":16},"end":{"line":3,"column":null}},"loc":{"start":{"line":8,"column":11},"end":{"line":34,"column":null}},"line":8},"1":{"name":"validateBookingDates","decl":{"start":{"line":37,"column":16},"end":{"line":37,"column":37}},"loc":{"start":{"line":37,"column":77},"end":{"line":51,"column":null}},"line":37},"2":{"name":"getOverlappingBookings","decl":{"start":{"line":54,"column":16},"end":{"line":54,"column":null}},"loc":{"start":{"line":58,"column":13},"end":{"line":71,"column":null}},"line":58},"3":{"name":"(anonymous_3)","decl":{"start":{"line":62,"column":26},"end":{"line":62,"column":34}},"loc":{"start":{"line":62,"column":46},"end":{"line":71,"column":null}},"line":62}},"branchMap":{"0":{"loc":{"start":{"line":14,"column":4},"end":{"line":15,"column":null}},"type":"if","locations":[{"start":{"line":14,"column":4},"end":{"line":15,"column":null}},{"start":{},"end":{}}],"line":14},"1":{"loc":{"start":{"line":14,"column":8},"end":{"line":14,"column":61}},"type":"binary-expr","locations":[{"start":{"line":14,"column":8},"end":{"line":14,"column":28}},{"start":{"line":14,"column":28},"end":{"line":14,"column":61}}],"line":14},"2":{"loc":{"start":{"line":19,"column":4},"end":{"line":20,"column":null}},"type":"if","locations":[{"start":{"line":19,"column":4},"end":{"line":20,"column":null}},{"start":{},"end":{}}],"line":19},"3":{"loc":{"start":{"line":27,"column":6},"end":{"line":27,"column":null}},"type":"binary-expr","locations":[{"start":{"line":27,"column":6},"end":{"line":27,"column":39}},{"start":{"line":27,"column":39},"end":{"line":27,"column":null}}],"line":27},"4":{"loc":{"start":{"line":29,"column":4},"end":{"line":30,"column":null}},"type":"if","locations":[{"start":{"line":29,"column":4},"end":{"line":30,"column":null}},{"start":{},"end":{}}],"line":29},"5":{"loc":{"start":{"line":43,"column":2},"end":{"line":44,"column":null}},"type":"if","locations":[{"start":{"line":43,"column":2},"end":{"line":44,"column":null}},{"start":{},"end":{}}],"line":43},"6":{"loc":{"start":{"line":47,"column":2},"end":{"line":48,"column":null}},"type":"if","locations":[{"start":{"line":47,"column":2},"end":{"line":48,"column":null}},{"start":{},"end":{}}],"line":47},"7":{"loc":{"start":{"line":63,"column":4},"end":{"line":64,"column":null}},"type":"if","locations":[{"start":{"line":63,"column":4},"end":{"line":64,"column":null}},{"start":{},"end":{}}],"line":63},"8":{"loc":{"start":{"line":70,"column":11},"end":{"line":70,"column":null}},"type":"binary-expr","locations":[{"start":{"line":70,"column":11},"end":{"line":70,"column":44}},{"start":{"line":70,"column":44},"end":{"line":70,"column":null}}],"line":70}},"s":{"0":2,"1":2,"2":2,"3":1,"4":0,"5":1,"6":0,"7":1,"8":1,"9":1,"10":1,"11":1,"12":1,"13":3,"14":3,"15":3,"16":3,"17":3,"18":1,"19":2,"20":0,"21":2,"22":0,"23":0,"24":0,"25":0,"26":0,"27":0,"28":0,"29":0},"f":{"0":2,"1":3,"2":0,"3":0},"b":{"0":[0,1],"1":[1,0],"2":[0,1],"3":[1,1],"4":[1,0],"5":[1,2],"6":[0,2],"7":[0,0],"8":[0,0]},"meta":{"lastBranch":9,"lastFunction":4,"lastStatement":30,"seen":{"f:3:16:3:Infinity":0,"s:9:21:9:38":0,"s:10:22:10:40":1,"s:12:2:30:Infinity":2,"b:14:4:15:Infinity:undefined:undefined:undefined:undefined":0,"s:14:4:15:Infinity":3,"b:14:8:14:28:14:28:14:61":1,"s:15:6:15:Infinity":4,"b:19:4:20:Infinity:undefined:undefined:undefined:undefined":2,"s:19:4:20:Infinity":5,"s:20:6:20:Infinity":6,"s:23:28:23:53":7,"s:24:29:24:55":8,"s:27:6:27:Infinity":9,"b:27:6:27:39:27:39:27:Infinity":3,"b:29:4:30:Infinity:undefined:undefined:undefined:undefined":4,"s:29:4:30:Infinity":10,"s:30:6:30:Infinity":11,"s:34:2:34:Infinity":12,"f:37:16:37:37":1,"s:38:22:38:39":13,"s:39:23:39:41":14,"s:40:16:40:26":15,"s:41:2:41:Infinity":16,"b:43:2:44:Infinity:undefined:undefined:undefined:undefined":5,"s:43:2:44:Infinity":17,"s:44:4:44:Infinity":18,"b:47:2:48:Infinity:undefined:undefined:undefined:undefined":6,"s:47:2:48:Infinity":19,"s:48:4:48:Infinity":20,"s:51:2:51:Infinity":21,"f:54:16:54:Infinity":2,"s:59:21:59:38":22,"s:60:22:60:40":23,"s:62:2:71:Infinity":24,"f:62:26:62:34":3,"b:63:4:64:Infinity:undefined:undefined:undefined:undefined":7,"s:63:4:64:Infinity":25,"s:64:6:64:Infinity":26,"s:67:28:67:53":27,"s:68:29:68:55":28,"s:70:4:70:Infinity":29,"b:70:11:70:44:70:44:70:Infinity":8}}}
,"C:\\Users\\Carlos Eduardo\\Desktop\\pasta projetos para git\\microservicos\\simple-aribnb\\services\\booking-service\\src\\use-cases\\cancelBooking.ts": {"path":"C:\\Users\\Carlos Eduardo\\Desktop\\pasta projetos para git\\microservicos\\simple-aribnb\\services\\booking-service\\src\\use-cases\\cancelBooking.ts","statementMap":{"0":{"start":{"line":5,"column":22},"end":{"line":5,"column":60}},"1":{"start":{"line":8,"column":20},"end":{"line":8,"column":74}},"2":{"start":{"line":10,"column":4},"end":{"line":11,"column":null}},"3":{"start":{"line":11,"column":6},"end":{"line":11,"column":null}},"4":{"start":{"line":14,"column":4},"end":{"line":15,"column":null}},"5":{"start":{"line":15,"column":6},"end":{"line":15,"column":null}},"6":{"start":{"line":19,"column":6},"end":{"line":19,"column":59}},"7":{"start":{"line":21,"column":4},"end":{"line":21,"column":null}}},"fnMap":{"0":{"name":"(anonymous_0)","decl":{"start":{"line":5,"column":2},"end":{"line":5,"column":14}},"loc":{"start":{"line":5,"column":60},"end":{"line":5,"column":60}},"line":5},"1":{"name":"(anonymous_1)","decl":{"start":{"line":7,"column":8},"end":{"line":7,"column":16}},"loc":{"start":{"line":7,"column":35},"end":{"line":21,"column":null}},"line":7}},"branchMap":{"0":{"loc":{"start":{"line":10,"column":4},"end":{"line":11,"column":null}},"type":"if","locations":[{"start":{"line":10,"column":4},"end":{"line":11,"column":null}},{"start":{},"end":{}}],"line":10},"1":{"loc":{"start":{"line":14,"column":4},"end":{"line":15,"column":null}},"type":"if","locations":[{"start":{"line":14,"column":4},"end":{"line":15,"column":null}},{"start":{},"end":{}}],"line":14}},"s":{"0":3,"1":3,"2":3,"3":1,"4":2,"5":1,"6":1,"7":1},"f":{"0":3,"1":3},"b":{"0":[1,2],"1":[1,1]},"meta":{"lastBranch":2,"lastFunction":2,"lastStatement":8,"seen":{"f:5:2:5:14":0,"s:5:22:5:60":0,"f:7:8:7:16":1,"s:8:20:8:74":1,"b:10:4:11:Infinity:undefined:undefined:undefined:undefined":0,"s:10:4:11:Infinity":2,"s:11:6:11:Infinity":3,"b:14:4:15:Infinity:undefined:undefined:undefined:undefined":1,"s:14:4:15:Infinity":4,"s:15:6:15:Infinity":5,"s:19:6:19:59":6,"s:21:4:21:Infinity":7}}}
,"C:\\Users\\Carlos Eduardo\\Desktop\\pasta projetos para git\\microservicos\\simple-aribnb\\services\\booking-service\\src\\use-cases\\confirmBooking.ts": {"path":"C:\\Users\\Carlos Eduardo\\Desktop\\pasta projetos para git\\microservicos\\simple-aribnb\\services\\booking-service\\src\\use-cases\\confirmBooking.ts","statementMap":{"0":{"start":{"line":9,"column":22},"end":{"line":9,"column":60}},"1":{"start":{"line":12,"column":20},"end":{"line":12,"column":74}},"2":{"start":{"line":14,"column":4},"end":{"line":15,"column":null}},"3":{"start":{"line":15,"column":6},"end":{"line":15,"column":null}},"4":{"start":{"line":18,"column":4},"end":{"line":19,"column":null}},"5":{"start":{"line":19,"column":6},"end":{"line":19,"column":null}},"6":{"start":{"line":22,"column":4},"end":{"line":23,"column":null}},"7":{"start":{"line":23,"column":6},"end":{"line":23,"column":null}},"8":{"start":{"line":27,"column":6},"end":{"line":27,"column":60}},"9":{"start":{"line":29,"column":4},"end":{"line":29,"column":null}}},"fnMap":{"0":{"name":"(anonymous_0)","decl":{"start":{"line":9,"column":2},"end":{"line":9,"column":14}},"loc":{"start":{"line":9,"column":60},"end":{"line":9,"column":60}},"line":9},"1":{"name":"(anonymous_1)","decl":{"start":{"line":11,"column":8},"end":{"line":11,"column":16}},"loc":{"start":{"line":11,"column":35},"end":{"line":29,"column":null}},"line":11}},"branchMap":{"0":{"loc":{"start":{"line":14,"column":4},"end":{"line":15,"column":null}},"type":"if","locations":[{"start":{"line":14,"column":4},"end":{"line":15,"column":null}},{"start":{},"end":{}}],"line":14},"1":{"loc":{"start":{"line":18,"column":4},"end":{"line":19,"column":null}},"type":"if","locations":[{"start":{"line":18,"column":4},"end":{"line":19,"column":null}},{"start":{},"end":{}}],"line":18},"2":{"loc":{"start":{"line":22,"column":4},"end":{"line":23,"column":null}},"type":"if","locations":[{"start":{"line":22,"column":4},"end":{"line":23,"column":null}},{"start":{},"end":{}}],"line":22}},"s":{"0":4,"1":4,"2":4,"3":1,"4":3,"5":1,"6":2,"7":1,"8":1,"9":1},"f":{"0":4,"1":4},"b":{"0":[1,3],"1":[1,2],"2":[1,1]},"meta":{"lastBranch":3,"lastFunction":2,"lastStatement":10,"seen":{"f:9:2:9:14":0,"s:9:22:9:60":0,"f:11:8:11:16":1,"s:12:20:12:74":1,"b:14:4:15:Infinity:undefined:undefined:undefined:undefined":0,"s:14:4:15:Infinity":2,"s:15:6:15:Infinity":3,"b:18:4:19:Infinity:undefined:undefined:undefined:undefined":1,"s:18:4:19:Infinity":4,"s:19:6:19:Infinity":5,"b:22:4:23:Infinity:undefined:undefined:undefined:undefined":2,"s:22:4:23:Infinity":6,"s:23:6:23:Infinity":7,"s:27:6:27:60":8,"s:29:4:29:Infinity":9}}}
,"C:\\Users\\Carlos Eduardo\\Desktop\\pasta projetos para git\\microservicos\\simple-aribnb\\services\\booking-service\\src\\use-cases\\createBooking.ts": {"path":"C:\\Users\\Carlos Eduardo\\Desktop\\pasta projetos para git\\microservicos\\simple-aribnb\\services\\booking-service\\src\\use-cases\\createBooking.ts","statementMap":{"0":{"start":{"line":13,"column":12},"end":{"line":13,"column":null}},"1":{"start":{"line":14,"column":12},"end":{"line":14,"column":null}},"2":{"start":{"line":18,"column":28},"end":{"line":18,"column":67}},"3":{"start":{"line":21,"column":6},"end":{"line":21,"column":null}},"4":{"start":{"line":24,"column":4},"end":{"line":30,"column":null}},"5":{"start":{"line":25,"column":6},"end":{"line":25,"column":null}},"6":{"start":{"line":27,"column":6},"end":{"line":28,"column":null}},"7":{"start":{"line":28,"column":8},"end":{"line":28,"column":null}},"8":{"start":{"line":30,"column":6},"end":{"line":30,"column":null}},"9":{"start":{"line":35,"column":6},"end":{"line":35,"column":74}},"10":{"start":{"line":36,"column":10},"end":{"line":39,"column":null}},"11":{"start":{"line":42,"column":4},"end":{"line":43,"column":null}},"12":{"start":{"line":43,"column":6},"end":{"line":43,"column":null}},"13":{"start":{"line":47,"column":10},"end":{"line":47,"column":76}},"14":{"start":{"line":49,"column":20},"end":{"line":55,"column":6}},"15":{"start":{"line":57,"column":4},"end":{"line":61,"column":null}},"16":{"start":{"line":63,"column":4},"end":{"line":63,"column":null}}},"fnMap":{"0":{"name":"(anonymous_0)","decl":{"start":{"line":12,"column":2},"end":{"line":12,"column":null}},"loc":{"start":{"line":15,"column":4},"end":{"line":14,"column":null}},"line":15},"1":{"name":"(anonymous_1)","decl":{"start":{"line":17,"column":8},"end":{"line":17,"column":16}},"loc":{"start":{"line":17,"column":33},"end":{"line":63,"column":null}},"line":17}},"branchMap":{"0":{"loc":{"start":{"line":27,"column":6},"end":{"line":28,"column":null}},"type":"if","locations":[{"start":{"line":27,"column":6},"end":{"line":28,"column":null}},{"start":{},"end":{}}],"line":27},"1":{"loc":{"start":{"line":42,"column":4},"end":{"line":43,"column":null}},"type":"if","locations":[{"start":{"line":42,"column":4},"end":{"line":43,"column":null}},{"start":{},"end":{}}],"line":42}},"s":{"0":3,"1":3,"2":3,"3":3,"4":3,"5":3,"6":1,"7":1,"8":0,"9":2,"10":2,"11":2,"12":1,"13":1,"14":1,"15":1,"16":1},"f":{"0":3,"1":3},"b":{"0":[1,0],"1":[1,1]},"meta":{"lastBranch":2,"lastFunction":2,"lastStatement":17,"seen":{"f:12:2:12:Infinity":0,"s:13:12:13:Infinity":0,"s:14:12:14:Infinity":1,"f:17:8:17:16":1,"s:18:28:18:67":2,"s:21:6:21:Infinity":3,"s:24:4:30:Infinity":4,"s:25:6:25:Infinity":5,"b:27:6:28:Infinity:undefined:undefined:undefined:undefined":0,"s:27:6:28:Infinity":6,"s:28:8:28:Infinity":7,"s:30:6:30:Infinity":8,"s:35:6:35:74":9,"s:36:10:39:Infinity":10,"b:42:4:43:Infinity:undefined:undefined:undefined:undefined":1,"s:42:4:43:Infinity":11,"s:43:6:43:Infinity":12,"s:47:10:47:76":13,"s:49:20:55:6":14,"s:57:4:61:Infinity":15,"s:63:4:63:Infinity":16}}}
,"C:\\Users\\Carlos Eduardo\\Desktop\\pasta projetos para git\\microservicos\\simple-aribnb\\services\\booking-service\\src\\use-cases\\getAllBookings.ts": {"path":"C:\\Users\\Carlos Eduardo\\Desktop\\pasta projetos para git\\microservicos\\simple-aribnb\\services\\booking-service\\src\\use-cases\\getAllBookings.ts","statementMap":{"0":{"start":{"line":5,"column":22},"end":{"line":5,"column":60}},"1":{"start":{"line":8,"column":21},"end":{"line":8,"column":66}},"2":{"start":{"line":10,"column":4},"end":{"line":11,"column":null}},"3":{"start":{"line":11,"column":6},"end":{"line":11,"column":null}},"4":{"start":{"line":14,"column":4},"end":{"line":14,"column":null}}},"fnMap":{"0":{"name":"(anonymous_0)","decl":{"start":{"line":5,"column":2},"end":{"line":5,"column":14}},"loc":{"start":{"line":5,"column":60},"end":{"line":5,"column":60}},"line":5},"1":{"name":"(anonymous_1)","decl":{"start":{"line":7,"column":8},"end":{"line":7,"column":18}},"loc":{"start":{"line":7,"column":18},"end":{"line":14,"column":null}},"line":7}},"branchMap":{"0":{"loc":{"start":{"line":10,"column":4},"end":{"line":11,"column":null}},"type":"if","locations":[{"start":{"line":10,"column":4},"end":{"line":11,"column":null}},{"start":{},"end":{}}],"line":10}},"s":{"0":2,"1":2,"2":2,"3":1,"4":1},"f":{"0":2,"1":2},"b":{"0":[1,1]},"meta":{"lastBranch":1,"lastFunction":2,"lastStatement":5,"seen":{"f:5:2:5:14":0,"s:5:22:5:60":0,"f:7:8:7:18":1,"s:8:21:8:66":1,"b:10:4:11:Infinity:undefined:undefined:undefined:undefined":0,"s:10:4:11:Infinity":2,"s:11:6:11:Infinity":3,"s:14:4:14:Infinity":4}}}
,"C:\\Users\\Carlos Eduardo\\Desktop\\pasta projetos para git\\microservicos\\simple-aribnb\\services\\booking-service\\src\\use-cases\\getBookingById.ts": {"path":"C:\\Users\\Carlos Eduardo\\Desktop\\pasta projetos para git\\microservicos\\simple-aribnb\\services\\booking-service\\src\\use-cases\\getBookingById.ts","statementMap":{"0":{"start":{"line":5,"column":22},"end":{"line":5,"column":60}},"1":{"start":{"line":8,"column":20},"end":{"line":8,"column":74}},"2":{"start":{"line":10,"column":4},"end":{"line":11,"column":null}},"3":{"start":{"line":11,"column":6},"end":{"line":11,"column":null}},"4":{"start":{"line":14,"column":4},"end":{"line":14,"column":null}}},"fnMap":{"0":{"name":"(anonymous_0)","decl":{"start":{"line":5,"column":2},"end":{"line":5,"column":14}},"loc":{"start":{"line":5,"column":60},"end":{"line":5,"column":60}},"line":5},"1":{"name":"(anonymous_1)","decl":{"start":{"line":7,"column":8},"end":{"line":7,"column":16}},"loc":{"start":{"line":7,"column":35},"end":{"line":14,"column":null}},"line":7}},"branchMap":{"0":{"loc":{"start":{"line":10,"column":4},"end":{"line":11,"column":null}},"type":"if","locations":[{"start":{"line":10,"column":4},"end":{"line":11,"column":null}},{"start":{},"end":{}}],"line":10}},"s":{"0":2,"1":2,"2":2,"3":1,"4":1},"f":{"0":2,"1":2},"b":{"0":[1,1]},"meta":{"lastBranch":1,"lastFunction":2,"lastStatement":5,"seen":{"f:5:2:5:14":0,"s:5:22:5:60":0,"f:7:8:7:16":1,"s:8:20:8:74":1,"b:10:4:11:Infinity:undefined:undefined:undefined:undefined":0,"s:10:4:11:Infinity":2,"s:11:6:11:Infinity":3,"s:14:4:14:Infinity":4}}}
,"C:\\Users\\Carlos Eduardo\\Desktop\\pasta projetos para git\\microservicos\\simple-aribnb\\services\\booking-service\\src\\use-cases\\getBookingsByGuest.ts": {"path":"C:\\Users\\Carlos Eduardo\\Desktop\\pasta projetos para git\\microservicos\\simple-aribnb\\services\\booking-service\\src\\use-cases\\getBookingsByGuest.ts","statementMap":{"0":{"start":{"line":5,"column":22},"end":{"line":5,"column":60}},"1":{"start":{"line":8,"column":21},"end":{"line":8,"column":77}},"2":{"start":{"line":10,"column":4},"end":{"line":11,"column":null}},"3":{"start":{"line":11,"column":6},"end":{"line":11,"column":null}},"4":{"start":{"line":14,"column":4},"end":{"line":14,"column":null}}},"fnMap":{"0":{"name":"(anonymous_0)","decl":{"start":{"line":5,"column":2},"end":{"line":5,"column":14}},"loc":{"start":{"line":5,"column":60},"end":{"line":5,"column":60}},"line":5},"1":{"name":"(anonymous_1)","decl":{"start":{"line":7,"column":8},"end":{"line":7,"column":16}},"loc":{"start":{"line":7,"column":33},"end":{"line":14,"column":null}},"line":7}},"branchMap":{"0":{"loc":{"start":{"line":10,"column":4},"end":{"line":11,"column":null}},"type":"if","locations":[{"start":{"line":10,"column":4},"end":{"line":11,"column":null}},{"start":{},"end":{}}],"line":10}},"s":{"0":2,"1":2,"2":2,"3":1,"4":1},"f":{"0":2,"1":2},"b":{"0":[1,1]},"meta":{"lastBranch":1,"lastFunction":2,"lastStatement":5,"seen":{"f:5:2:5:14":0,"s:5:22:5:60":0,"f:7:8:7:16":1,"s:8:21:8:77":1,"b:10:4:11:Infinity:undefined:undefined:undefined:undefined":0,"s:10:4:11:Infinity":2,"s:11:6:11:Infinity":3,"s:14:4:14:Infinity":4}}}
,"C:\\Users\\Carlos Eduardo\\Desktop\\pasta projetos para git\\microservicos\\simple-aribnb\\services\\booking-service\\src\\use-cases\\getBookingsByProperty.ts": {"path":"C:\\Users\\Carlos Eduardo\\Desktop\\pasta projetos para git\\microservicos\\simple-aribnb\\services\\booking-service\\src\\use-cases\\getBookingsByProperty.ts","statementMap":{"0":{"start":{"line":5,"column":22},"end":{"line":5,"column":60}},"1":{"start":{"line":9,"column":6},"end":{"line":9,"column":68}},"2":{"start":{"line":11,"column":4},"end":{"line":12,"column":null}},"3":{"start":{"line":12,"column":6},"end":{"line":12,"column":null}},"4":{"start":{"line":15,"column":4},"end":{"line":15,"column":null}}},"fnMap":{"0":{"name":"(anonymous_0)","decl":{"start":{"line":5,"column":2},"end":{"line":5,"column":14}},"loc":{"start":{"line":5,"column":60},"end":{"line":5,"column":60}},"line":5},"1":{"name":"(anonymous_1)","decl":{"start":{"line":7,"column":8},"end":{"line":7,"column":16}},"loc":{"start":{"line":7,"column":36},"end":{"line":15,"column":null}},"line":7}},"branchMap":{"0":{"loc":{"start":{"line":11,"column":4},"end":{"line":12,"column":null}},"type":"if","locations":[{"start":{"line":11,"column":4},"end":{"line":12,"column":null}},{"start":{},"end":{}}],"line":11}},"s":{"0":2,"1":2,"2":2,"3":1,"4":1},"f":{"0":2,"1":2},"b":{"0":[1,1]},"meta":{"lastBranch":1,"lastFunction":2,"lastStatement":5,"seen":{"f:5:2:5:14":0,"s:5:22:5:60":0,"f:7:8:7:16":1,"s:9:6:9:68":1,"b:11:4:12:Infinity:undefined:undefined:undefined:undefined":0,"s:11:4:12:Infinity":2,"s:12:6:12:Infinity":3,"s:15:4:15:Infinity":4}}}
,"C:\\Users\\Carlos Eduardo\\Desktop\\pasta projetos para git\\microservicos\\simple-aribnb\\services\\booking-service\\src\\use-cases\\errors\\BookingAlreadyCancelledError.ts": {"path":"C:\\Users\\Carlos Eduardo\\Desktop\\pasta projetos para git\\microservicos\\simple-aribnb\\services\\booking-service\\src\\use-cases\\errors\\BookingAlreadyCancelledError.ts","statementMap":{"0":{"start":{"line":3,"column":4},"end":{"line":3,"column":null}},"1":{"start":{"line":4,"column":4},"end":{"line":4,"column":null}}},"fnMap":{"0":{"name":"(anonymous_0)","decl":{"start":{"line":2,"column":2},"end":{"line":2,"column":14}},"loc":{"start":{"line":2,"column":33},"end":{"line":4,"column":null}},"line":2}},"branchMap":{},"s":{"0":1,"1":1},"f":{"0":1},"b":{},"meta":{"lastBranch":0,"lastFunction":1,"lastStatement":2,"seen":{"f:2:2:2:14":0,"s:3:4:3:Infinity":0,"s:4:4:4:Infinity":1}}}
,"C:\\Users\\Carlos Eduardo\\Desktop\\pasta projetos para git\\microservicos\\simple-aribnb\\services\\booking-service\\src\\use-cases\\errors\\BookingAlreadyConfirmedError.ts": {"path":"C:\\Users\\Carlos Eduardo\\Desktop\\pasta projetos para git\\microservicos\\simple-aribnb\\services\\booking-service\\src\\use-cases\\errors\\BookingAlreadyConfirmedError.ts","statementMap":{"0":{"start":{"line":3,"column":4},"end":{"line":3,"column":null}},"1":{"start":{"line":4,"column":4},"end":{"line":4,"column":null}}},"fnMap":{"0":{"name":"(anonymous_0)","decl":{"start":{"line":2,"column":2},"end":{"line":2,"column":14}},"loc":{"start":{"line":2,"column":33},"end":{"line":4,"column":null}},"line":2}},"branchMap":{},"s":{"0":1,"1":1},"f":{"0":1},"b":{},"meta":{"lastBranch":0,"lastFunction":1,"lastStatement":2,"seen":{"f:2:2:2:14":0,"s:3:4:3:Infinity":0,"s:4:4:4:Infinity":1}}}
,"C:\\Users\\Carlos Eduardo\\Desktop\\pasta projetos para git\\microservicos\\simple-aribnb\\services\\booking-service\\src\\use-cases\\errors\\BookingNotFoundError.ts": {"path":"C:\\Users\\Carlos Eduardo\\Desktop\\pasta projetos para git\\microservicos\\simple-aribnb\\services\\booking-service\\src\\use-cases\\errors\\BookingNotFoundError.ts","statementMap":{"0":{"start":{"line":3,"column":4},"end":{"line":7,"column":null}},"1":{"start":{"line":8,"column":4},"end":{"line":8,"column":null}}},"fnMap":{"0":{"name":"(anonymous_0)","decl":{"start":{"line":2,"column":2},"end":{"line":2,"column":14}},"loc":{"start":{"line":2,"column":34},"end":{"line":8,"column":null}},"line":2}},"branchMap":{"0":{"loc":{"start":{"line":4,"column":6},"end":{"line":6,"column":null}},"type":"cond-expr","locations":[{"start":{"line":5,"column":10},"end":{"line":5,"column":null}},{"start":{"line":6,"column":10},"end":{"line":6,"column":null}}],"line":4}},"s":{"0":3,"1":3},"f":{"0":3},"b":{"0":[3,0]},"meta":{"lastBranch":1,"lastFunction":1,"lastStatement":2,"seen":{"f:2:2:2:14":0,"s:3:4:7:Infinity":0,"b:5:10:5:Infinity:6:10:6:Infinity":0,"s:8:4:8:Infinity":1}}}
,"C:\\Users\\Carlos Eduardo\\Desktop\\pasta projetos para git\\microservicos\\simple-aribnb\\services\\booking-service\\src\\use-cases\\errors\\CannotConfirmCancelledBookingError.ts": {"path":"C:\\Users\\Carlos Eduardo\\Desktop\\pasta projetos para git\\microservicos\\simple-aribnb\\services\\booking-service\\src\\use-cases\\errors\\CannotConfirmCancelledBookingError.ts","statementMap":{"0":{"start":{"line":3,"column":4},"end":{"line":3,"column":null}},"1":{"start":{"line":4,"column":4},"end":{"line":4,"column":null}}},"fnMap":{"0":{"name":"(anonymous_0)","decl":{"start":{"line":2,"column":2},"end":{"line":2,"column":14}},"loc":{"start":{"line":2,"column":33},"end":{"line":4,"column":null}},"line":2}},"branchMap":{},"s":{"0":1,"1":1},"f":{"0":1},"b":{},"meta":{"lastBranch":0,"lastFunction":1,"lastStatement":2,"seen":{"f:2:2:2:14":0,"s:3:4:3:Infinity":0,"s:4:4:4:Infinity":1}}}
,"C:\\Users\\Carlos Eduardo\\Desktop\\pasta projetos para git\\microservicos\\simple-aribnb\\services\\booking-service\\src\\use-cases\\errors\\InvalidBookingDatesError.ts": {"path":"C:\\Users\\Carlos Eduardo\\Desktop\\pasta projetos para git\\microservicos\\simple-aribnb\\services\\booking-service\\src\\use-cases\\errors\\InvalidBookingDatesError.ts","statementMap":{"0":{"start":{"line":3,"column":4},"end":{"line":3,"column":null}},"1":{"start":{"line":4,"column":4},"end":{"line":4,"column":null}}},"fnMap":{"0":{"name":"(anonymous_0)","decl":{"start":{"line":2,"column":2},"end":{"line":2,"column":14}},"loc":{"start":{"line":2,"column":31},"end":{"line":4,"column":null}},"line":2}},"branchMap":{},"s":{"0":1,"1":1},"f":{"0":1},"b":{},"meta":{"lastBranch":0,"lastFunction":1,"lastStatement":2,"seen":{"f:2:2:2:14":0,"s:3:4:3:Infinity":0,"s:4:4:4:Infinity":1}}}
,"C:\\Users\\Carlos Eduardo\\Desktop\\pasta projetos para git\\microservicos\\simple-aribnb\\services\\booking-service\\src\\use-cases\\errors\\NoBookingsFoundError.ts": {"path":"C:\\Users\\Carlos Eduardo\\Desktop\\pasta projetos para git\\microservicos\\simple-aribnb\\services\\booking-service\\src\\use-cases\\errors\\NoBookingsFoundError.ts","statementMap":{"0":{"start":{"line":3,"column":4},"end":{"line":3,"column":null}},"1":{"start":{"line":4,"column":4},"end":{"line":4,"column":null}}},"fnMap":{"0":{"name":"(anonymous_0)","decl":{"start":{"line":2,"column":2},"end":{"line":2,"column":16}},"loc":{"start":{"line":2,"column":16},"end":{"line":4,"column":null}},"line":2}},"branchMap":{},"s":{"0":1,"1":1},"f":{"0":1},"b":{},"meta":{"lastBranch":0,"lastFunction":1,"lastStatement":2,"seen":{"f:2:2:2:16":0,"s:3:4:3:Infinity":0,"s:4:4:4:Infinity":1}}}
,"C:\\Users\\Carlos Eduardo\\Desktop\\pasta projetos para git\\microservicos\\simple-aribnb\\services\\booking-service\\src\\use-cases\\errors\\NoBookingsFoundForGuestError.ts": {"path":"C:\\Users\\Carlos Eduardo\\Desktop\\pasta projetos para git\\microservicos\\simple-aribnb\\services\\booking-service\\src\\use-cases\\errors\\NoBookingsFoundForGuestError.ts","statementMap":{"0":{"start":{"line":3,"column":4},"end":{"line":3,"column":null}},"1":{"start":{"line":4,"column":4},"end":{"line":4,"column":null}}},"fnMap":{"0":{"name":"(anonymous_0)","decl":{"start":{"line":2,"column":2},"end":{"line":2,"column":14}},"loc":{"start":{"line":2,"column":31},"end":{"line":4,"column":null}},"line":2}},"branchMap":{},"s":{"0":1,"1":1},"f":{"0":1},"b":{},"meta":{"lastBranch":0,"lastFunction":1,"lastStatement":2,"seen":{"f:2:2:2:14":0,"s:3:4:3:Infinity":0,"s:4:4:4:Infinity":1}}}
,"C:\\Users\\Carlos Eduardo\\Desktop\\pasta projetos para git\\microservicos\\simple-aribnb\\services\\booking-service\\src\\use-cases\\errors\\NoBookingsFoundForPropertyError.ts": {"path":"C:\\Users\\Carlos Eduardo\\Desktop\\pasta projetos para git\\microservicos\\simple-aribnb\\services\\booking-service\\src\\use-cases\\errors\\NoBookingsFoundForPropertyError.ts","statementMap":{"0":{"start":{"line":3,"column":4},"end":{"line":3,"column":null}},"1":{"start":{"line":4,"column":4},"end":{"line":4,"column":null}}},"fnMap":{"0":{"name":"(anonymous_0)","decl":{"start":{"line":2,"column":2},"end":{"line":2,"column":14}},"loc":{"start":{"line":2,"column":34},"end":{"line":4,"column":null}},"line":2}},"branchMap":{},"s":{"0":1,"1":1},"f":{"0":1},"b":{},"meta":{"lastBranch":0,"lastFunction":1,"lastStatement":2,"seen":{"f:2:2:2:14":0,"s:3:4:3:Infinity":0,"s:4:4:4:Infinity":1}}}
,"C:\\Users\\Carlos Eduardo\\Desktop\\pasta projetos para git\\microservicos\\simple-aribnb\\services\\booking-service\\src\\use-cases\\errors\\PropertyNotAvailableError.ts": {"path":"C:\\Users\\Carlos Eduardo\\Desktop\\pasta projetos para git\\microservicos\\simple-aribnb\\services\\booking-service\\src\\use-cases\\errors\\PropertyNotAvailableError.ts","statementMap":{"0":{"start":{"line":3,"column":4},"end":{"line":5,"column":null}},"1":{"start":{"line":6,"column":4},"end":{"line":6,"column":null}}},"fnMap":{"0":{"name":"(anonymous_0)","decl":{"start":{"line":2,"column":2},"end":{"line":2,"column":14}},"loc":{"start":{"line":2,"column":65},"end":{"line":6,"column":null}},"line":2}},"branchMap":{},"s":{"0":1,"1":1},"f":{"0":1},"b":{},"meta":{"lastBranch":0,"lastFunction":1,"lastStatement":2,"seen":{"f:2:2:2:14":0,"s:3:4:5:Infinity":0,"s:6:4:6:Infinity":1}}}
,"C:\\Users\\Carlos Eduardo\\Desktop\\pasta projetos para git\\microservicos\\simple-aribnb\\services\\booking-service\\src\\use-cases\\errors\\index.ts": {"path":"C:\\Users\\Carlos Eduardo\\Desktop\\pasta projetos para git\\microservicos\\simple-aribnb\\services\\booking-service\\src\\use-cases\\errors\\index.ts","statementMap":{},"fnMap":{},"branchMap":{},"s":{},"f":{},"b":{},"meta":{"lastBranch":0,"lastFunction":0,"lastStatement":0,"seen":{}}}
}
