<?xml version="1.0" encoding="UTF-8"?>
<coverage generated="1773663843660" clover="3.2.0">
  <project timestamp="1773663843661" name="All files">
    <metrics statements="110" coveredstatements="102" conditionals="32" coveredconditionals="26" methods="24" coveredmethods="21" elements="166" coveredelements="149" complexity="0" loc="110" ncloc="110" packages="6" files="15" classes="15"/>
    <package name="dtos">
      <metrics statements="1" coveredstatements="1" conditionals="0" coveredconditionals="0" methods="0" coveredmethods="0"/>
      <file name="createUserDTO.ts" path="C:\Users\Carlos Eduardo\Desktop\pasta projetos para git\microservicos\simple-aribnb\services\auth-service\src\dtos\createUserDTO.ts">
        <metrics statements="1" coveredstatements="1" conditionals="0" coveredconditionals="0" methods="0" coveredmethods="0"/>
        <line num="3" count="1" type="stmt"/>
      </file>
    </package>
    <package name="generated.prisma">
      <metrics statements="2" coveredstatements="2" conditionals="0" coveredconditionals="0" methods="0" coveredmethods="0"/>
      <file name="client.ts" path="C:\Users\Carlos Eduardo\Desktop\pasta projetos para git\microservicos\simple-aribnb\services\auth-service\src\generated\prisma\client.ts">
        <metrics statements="1" coveredstatements="1" conditionals="0" coveredconditionals="0" methods="0" coveredmethods="0"/>
        <line num="36" count="4" type="stmt"/>
      </file>
      <file name="enums.ts" path="C:\Users\Carlos Eduardo\Desktop\pasta projetos para git\microservicos\simple-aribnb\services\auth-service\src\generated\prisma\enums.ts">
        <metrics statements="1" coveredstatements="1" conditionals="0" coveredconditionals="0" methods="0" coveredmethods="0"/>
        <line num="12" count="4" type="stmt"/>
      </file>
    </package>
    <package name="generated.prisma.internal">
      <metrics statements="34" coveredstatements="28" conditionals="0" coveredconditionals="0" methods="4" coveredmethods="1"/>
      <file name="class.ts" path="C:\Users\Carlos Eduardo\Desktop\pasta projetos para git\microservicos\simple-aribnb\services\auth-service\src\generated\prisma\internal\class.ts">
        <metrics statements="10" coveredstatements="4" conditionals="0" coveredconditionals="0" methods="4" coveredmethods="1"/>
        <line num="18" count="4" type="stmt"/>
        <line num="31" count="4" type="stmt"/>
        <line num="34" count="0" type="stmt"/>
        <line num="35" count="0" type="stmt"/>
        <line num="36" count="0" type="stmt"/>
        <line num="39" count="4" type="stmt"/>
        <line num="40" count="0" type="stmt"/>
        <line num="43" count="0" type="stmt"/>
        <line num="44" count="0" type="stmt"/>
        <line num="191" count="4" type="stmt"/>
      </file>
      <file name="prismaNamespace.ts" path="C:\Users\Carlos Eduardo\Desktop\pasta projetos para git\microservicos\simple-aribnb\services\auth-service\src\generated\prisma\internal\prismaNamespace.ts">
        <metrics statements="24" coveredstatements="24" conditionals="0" coveredconditionals="0" methods="0" coveredmethods="0"/>
        <line num="32" count="4" type="stmt"/>
        <line num="35" count="4" type="stmt"/>
        <line num="38" count="4" type="stmt"/>
        <line num="41" count="4" type="stmt"/>
        <line num="44" count="4" type="stmt"/>
        <line num="50" count="4" type="stmt"/>
        <line num="51" count="4" type="stmt"/>
        <line num="52" count="4" type="stmt"/>
        <line num="53" count="4" type="stmt"/>
        <line num="54" count="4" type="stmt"/>
        <line num="62" count="4" type="stmt"/>
        <line num="71" count="4" type="stmt"/>
        <line num="86" count="4" type="stmt"/>
        <line num="104" count="4" type="stmt"/>
        <line num="114" count="4" type="stmt"/>
        <line num="121" count="4" type="stmt"/>
        <line num="128" count="4" type="stmt"/>
        <line num="386" count="4" type="stmt"/>
        <line num="510" count="4" type="stmt"/>
        <line num="520" count="4" type="stmt"/>
        <line num="534" count="4" type="stmt"/>
        <line num="542" count="4" type="stmt"/>
        <line num="550" count="4" type="stmt"/>
        <line num="626" count="4" type="stmt"/>
      </file>
    </package>
    <package name="repositories.in-memory">
      <metrics statements="23" coveredstatements="21" conditionals="10" coveredconditionals="8" methods="9" coveredmethods="9"/>
      <file name="in-memory-auth-repository.ts" path="C:\Users\Carlos Eduardo\Desktop\pasta projetos para git\microservicos\simple-aribnb\services\auth-service\src\repositories\in-memory\in-memory-auth-repository.ts">
        <metrics statements="23" coveredstatements="21" conditionals="10" coveredconditionals="8" methods="9" coveredmethods="9"/>
        <line num="7" count="19" type="stmt"/>
        <line num="10" count="6" type="stmt"/>
        <line num="22" count="6" type="stmt"/>
        <line num="24" count="6" type="stmt"/>
        <line num="27" count="9" type="stmt"/>
        <line num="29" count="9" type="cond" truecount="2" falsecount="0"/>
        <line num="30" count="6" type="stmt"/>
        <line num="33" count="3" type="stmt"/>
        <line num="36" count="4" type="stmt"/>
        <line num="38" count="4" type="cond" truecount="2" falsecount="0"/>
        <line num="39" count="3" type="stmt"/>
        <line num="42" count="1" type="stmt"/>
        <line num="45" count="1" type="stmt"/>
        <line num="47" count="1" type="cond" truecount="1" falsecount="1"/>
        <line num="48" count="0" type="stmt"/>
        <line num="51" count="1" type="stmt"/>
        <line num="54" count="2" type="stmt"/>
        <line num="56" count="2" type="cond" truecount="1" falsecount="1"/>
        <line num="57" count="0" type="stmt"/>
        <line num="60" count="2" type="stmt"/>
        <line num="61" count="2" type="stmt"/>
        <line num="67" count="2" type="stmt"/>
        <line num="69" count="2" type="stmt"/>
      </file>
    </package>
    <package name="use-cases">
      <metrics statements="40" coveredstatements="40" conditionals="20" coveredconditionals="17" methods="6" coveredmethods="6"/>
      <file name="createUser.ts" path="C:\Users\Carlos Eduardo\Desktop\pasta projetos para git\microservicos\simple-aribnb\services\auth-service\src\use-cases\createUser.ts">
        <metrics statements="18" coveredstatements="18" conditionals="8" coveredconditionals="7" methods="2" coveredmethods="2"/>
        <line num="14" count="12" type="stmt"/>
        <line num="15" count="12" type="stmt"/>
        <line num="16" count="12" type="stmt"/>
        <line num="20" count="13" type="stmt"/>
        <line num="22" count="13" type="stmt"/>
        <line num="24" count="5" type="cond" truecount="2" falsecount="0"/>
        <line num="25" count="1" type="stmt"/>
        <line num="28" count="4" type="stmt"/>
        <line num="33" count="4" type="cond" truecount="2" falsecount="0"/>
        <line num="34" count="1" type="stmt"/>
        <line num="37" count="3" type="stmt"/>
        <line num="44" count="3" type="cond" truecount="1" falsecount="1"/>
        <line num="45" count="13" type="stmt"/>
        <line num="47" count="13" type="stmt"/>
        <line num="53" count="3" type="cond" truecount="2" falsecount="0"/>
        <line num="54" count="1" type="stmt"/>
        <line num="57" count="2" type="stmt"/>
        <line num="62" count="2" type="stmt"/>
      </file>
      <file name="deleteUser.ts" path="C:\Users\Carlos Eduardo\Desktop\pasta projetos para git\microservicos\simple-aribnb\services\auth-service\src\use-cases\deleteUser.ts">
        <metrics statements="13" coveredstatements="13" conditionals="6" coveredconditionals="4" methods="2" coveredmethods="2"/>
        <line num="9" count="2" type="stmt"/>
        <line num="10" count="2" type="stmt"/>
        <line num="11" count="2" type="stmt"/>
        <line num="15" count="2" type="stmt"/>
        <line num="17" count="2" type="cond" truecount="2" falsecount="0"/>
        <line num="18" count="1" type="stmt"/>
        <line num="22" count="1" type="cond" truecount="1" falsecount="1"/>
        <line num="23" count="1" type="cond" truecount="1" falsecount="1"/>
        <line num="24" count="1" type="stmt"/>
        <line num="25" count="1" type="stmt"/>
        <line num="29" count="1" type="stmt"/>
        <line num="32" count="1" type="stmt"/>
        <line num="34" count="1" type="stmt"/>
      </file>
      <file name="loginUser.ts" path="C:\Users\Carlos Eduardo\Desktop\pasta projetos para git\microservicos\simple-aribnb\services\auth-service\src\use-cases\loginUser.ts">
        <metrics statements="9" coveredstatements="9" conditionals="6" coveredconditionals="6" methods="2" coveredmethods="2"/>
        <line num="8" count="3" type="stmt"/>
        <line num="9" count="3" type="stmt"/>
        <line num="13" count="3" type="stmt"/>
        <line num="15" count="3" type="cond" truecount="2" falsecount="0"/>
        <line num="16" count="1" type="stmt"/>
        <line num="19" count="2" type="stmt"/>
        <line num="21" count="2" type="cond" truecount="4" falsecount="0"/>
        <line num="22" count="1" type="stmt"/>
        <line num="25" count="1" type="stmt"/>
      </file>
    </package>
    <package name="use-cases.errors">
      <metrics statements="10" coveredstatements="10" conditionals="2" coveredconditionals="1" methods="5" coveredmethods="5"/>
      <file name="AuthenticationFailedError.ts" path="C:\Users\Carlos Eduardo\Desktop\pasta projetos para git\microservicos\simple-aribnb\services\auth-service\src\use-cases\errors\AuthenticationFailedError.ts">
        <metrics statements="2" coveredstatements="2" conditionals="0" coveredconditionals="0" methods="1" coveredmethods="1"/>
        <line num="3" count="1" type="stmt"/>
        <line num="4" count="1" type="stmt"/>
      </file>
      <file name="CognitoUserCreationError.ts" path="C:\Users\Carlos Eduardo\Desktop\pasta projetos para git\microservicos\simple-aribnb\services\auth-service\src\use-cases\errors\CognitoUserCreationError.ts">
        <metrics statements="2" coveredstatements="2" conditionals="0" coveredconditionals="0" methods="1" coveredmethods="1"/>
        <line num="3" count="1" type="stmt"/>
        <line num="4" count="1" type="stmt"/>
      </file>
      <file name="ImageUploadError.ts" path="C:\Users\Carlos Eduardo\Desktop\pasta projetos para git\microservicos\simple-aribnb\services\auth-service\src\use-cases\errors\ImageUploadError.ts">
        <metrics statements="2" coveredstatements="2" conditionals="0" coveredconditionals="0" methods="1" coveredmethods="1"/>
        <line num="3" count="1" type="stmt"/>
        <line num="4" count="1" type="stmt"/>
      </file>
      <file name="UserAlreadyExistsError.ts" path="C:\Users\Carlos Eduardo\Desktop\pasta projetos para git\microservicos\simple-aribnb\services\auth-service\src\use-cases\errors\UserAlreadyExistsError.ts">
        <metrics statements="2" coveredstatements="2" conditionals="0" coveredconditionals="0" methods="1" coveredmethods="1"/>
        <line num="3" count="1" type="stmt"/>
        <line num="4" count="1" type="stmt"/>
      </file>
      <file name="UserNotFoundError.ts" path="C:\Users\Carlos Eduardo\Desktop\pasta projetos para git\microservicos\simple-aribnb\services\auth-service\src\use-cases\errors\UserNotFoundError.ts">
        <metrics statements="2" coveredstatements="2" conditionals="2" coveredconditionals="1" methods="1" coveredmethods="1"/>
        <line num="3" count="2" type="cond" truecount="1" falsecount="1"/>
        <line num="4" count="2" type="stmt"/>
      </file>
      <file name="index.ts" path="C:\Users\Carlos Eduardo\Desktop\pasta projetos para git\microservicos\simple-aribnb\services\auth-service\src\use-cases\errors\index.ts">
        <metrics statements="0" coveredstatements="0" conditionals="0" coveredconditionals="0" methods="0" coveredmethods="0"/>
      </file>
    </package>
  </project>
</coverage>
