{"C:\\Users\\Carlos Eduardo\\Desktop\\pasta projetos para git\\microservicos\\simple-aribnb\\services\\auth-service\\src\\dtos\\createUserDTO.ts": {"path":"C:\\Users\\Carlos Eduardo\\Desktop\\pasta projetos para git\\microservicos\\simple-aribnb\\services\\auth-service\\src\\dtos\\createUserDTO.ts","statementMap":{"0":{"start":{"line":3,"column":29},"end":{"line":18,"column":2}}},"fnMap":{},"branchMap":{},"s":{"0":1},"f":{},"b":{},"meta":{"lastBranch":0,"lastFunction":0,"lastStatement":1,"seen":{"s:3:29:18:2":0}}}
,"C:\\Users\\Carlos Eduardo\\Desktop\\pasta projetos para git\\microservicos\\simple-aribnb\\services\\auth-service\\src\\generated\\prisma\\client.ts": {"path":"C:\\Users\\Carlos Eduardo\\Desktop\\pasta projetos para git\\microservicos\\simple-aribnb\\services\\auth-service\\src\\generated\\prisma\\client.ts","statementMap":{"0":{"start":{"line":36,"column":28},"end":{"line":36,"column":57}}},"fnMap":{},"branchMap":{},"s":{"0":4},"f":{},"b":{},"meta":{"lastBranch":0,"lastFunction":0,"lastStatement":1,"seen":{"s:36:28:36:57":0}}}
,"C:\\Users\\Carlos Eduardo\\Desktop\\pasta projetos para git\\microservicos\\simple-aribnb\\services\\auth-service\\src\\generated\\prisma\\enums.ts": {"path":"C:\\Users\\Carlos Eduardo\\Desktop\\pasta projetos para git\\microservicos\\simple-aribnb\\services\\auth-service\\src\\generated\\prisma\\enums.ts","statementMap":{"0":{"start":{"line":12,"column":20},"end":{"line":15,"column":null}}},"fnMap":{},"branchMap":{},"s":{"0":4},"f":{},"b":{},"meta":{"lastBranch":0,"lastFunction":0,"lastStatement":1,"seen":{"s:12:20:15:Infinity":0}}}
,"C:\\Users\\Carlos Eduardo\\Desktop\\pasta projetos para git\\microservicos\\simple-aribnb\\services\\auth-service\\src\\generated\\prisma\\internal\\class.ts": {"path":"C:\\Users\\Carlos Eduardo\\Desktop\\pasta projetos para git\\microservicos\\simple-aribnb\\services\\auth-service\\src\\generated\\prisma\\internal\\class.ts","statementMap":{"0":{"start":{"line":18,"column":46},"end":{"line":29,"column":null}},"1":{"start":{"line":31,"column":0},"end":{"line":31,"column":null}},"2":{"start":{"line":34,"column":21},"end":{"line":34,"column":null}},"3":{"start":{"line":35,"column":20},"end":{"line":35,"column":53}},"4":{"start":{"line":36,"column":2},"end":{"line":36,"column":null}},"5":{"start":{"line":39,"column":0},"end":{"line":48,"column":null}},"6":{"start":{"line":40,"column":26},"end":{"line":40,"column":null}},"7":{"start":{"line":43,"column":21},"end":{"line":43,"column":null}},"8":{"start":{"line":44,"column":4},"end":{"line":44,"column":null}},"9":{"start":{"line":191,"column":2},"end":{"line":191,"column":null}}},"fnMap":{"0":{"name":"decodeBase64AsWasm","decl":{"start":{"line":33,"column":15},"end":{"line":33,"column":34}},"loc":{"start":{"line":33,"column":83},"end":{"line":36,"column":null}},"line":33},"1":{"name":"(anonymous_1)","decl":{"start":{"line":40,"column":14},"end":{"line":40,"column":26}},"loc":{"start":{"line":40,"column":26},"end":{"line":40,"column":null}},"line":40},"2":{"name":"(anonymous_2)","decl":{"start":{"line":42,"column":30},"end":{"line":42,"column":42}},"loc":{"start":{"line":42,"column":42},"end":{"line":44,"column":null}},"line":42},"3":{"name":"getPrismaClientClass","decl":{"start":{"line":190,"column":16},"end":{"line":190,"column":64}},"loc":{"start":{"line":190,"column":64},"end":{"line":191,"column":null}},"line":190}},"branchMap":{},"s":{"0":4,"1":4,"2":0,"3":0,"4":0,"5":4,"6":0,"7":0,"8":0,"9":4},"f":{"0":0,"1":0,"2":0,"3":4},"b":{},"meta":{"lastBranch":0,"lastFunction":4,"lastStatement":10,"seen":{"s:18:46:29:Infinity":0,"s:31:0:31:Infinity":1,"f:33:15:33:34":0,"s:34:21:34:Infinity":2,"s:35:20:35:53":3,"s:36:2:36:Infinity":4,"s:39:0:48:Infinity":5,"f:40:14:40:26":1,"s:40:26:40:Infinity":6,"f:42:30:42:42":2,"s:43:21:43:Infinity":7,"s:44:4:44:Infinity":8,"f:190:16:190:64":3,"s:191:2:191:Infinity":9}}}
,"C:\\Users\\Carlos Eduardo\\Desktop\\pasta projetos para git\\microservicos\\simple-aribnb\\services\\auth-service\\src\\generated\\prisma\\internal\\prismaNamespace.ts": {"path":"C:\\Users\\Carlos Eduardo\\Desktop\\pasta projetos para git\\microservicos\\simple-aribnb\\services\\auth-service\\src\\generated\\prisma\\internal\\prismaNamespace.ts","statementMap":{"0":{"start":{"line":32,"column":45},"end":{"line":32,"column":null}},"1":{"start":{"line":35,"column":47},"end":{"line":35,"column":null}},"2":{"start":{"line":38,"column":42},"end":{"line":38,"column":null}},"3":{"start":{"line":41,"column":47},"end":{"line":41,"column":null}},"4":{"start":{"line":44,"column":43},"end":{"line":44,"column":null}},"5":{"start":{"line":50,"column":19},"end":{"line":50,"column":null}},"6":{"start":{"line":51,"column":21},"end":{"line":51,"column":null}},"7":{"start":{"line":52,"column":20},"end":{"line":52,"column":null}},"8":{"start":{"line":53,"column":19},"end":{"line":53,"column":null}},"9":{"start":{"line":54,"column":19},"end":{"line":54,"column":null}},"10":{"start":{"line":62,"column":23},"end":{"line":62,"column":null}},"11":{"start":{"line":71,"column":35},"end":{"line":71,"column":null}},"12":{"start":{"line":86,"column":44},"end":{"line":89,"column":null}},"13":{"start":{"line":104,"column":25},"end":{"line":108,"column":null}},"14":{"start":{"line":114,"column":22},"end":{"line":114,"column":null}},"15":{"start":{"line":121,"column":24},"end":{"line":121,"column":null}},"16":{"start":{"line":128,"column":23},"end":{"line":128,"column":null}},"17":{"start":{"line":386,"column":25},"end":{"line":387,"column":null}},"18":{"start":{"line":510,"column":41},"end":{"line":515,"column":11}},"19":{"start":{"line":520,"column":35},"end":{"line":529,"column":null}},"20":{"start":{"line":534,"column":25},"end":{"line":537,"column":null}},"21":{"start":{"line":542,"column":25},"end":{"line":545,"column":null}},"22":{"start":{"line":550,"column":26},"end":{"line":553,"column":null}},"23":{"start":{"line":626,"column":31},"end":{"line":626,"column":null}}},"fnMap":{},"branchMap":{},"s":{"0":4,"1":4,"2":4,"3":4,"4":4,"5":4,"6":4,"7":4,"8":4,"9":4,"10":4,"11":4,"12":4,"13":4,"14":4,"15":4,"16":4,"17":4,"18":4,"19":4,"20":4,"21":4,"22":4,"23":4},"f":{},"b":{},"meta":{"lastBranch":0,"lastFunction":0,"lastStatement":24,"seen":{"s:32:45:32:Infinity":0,"s:35:47:35:Infinity":1,"s:38:42:38:Infinity":2,"s:41:47:41:Infinity":3,"s:44:43:44:Infinity":4,"s:50:19:50:Infinity":5,"s:51:21:51:Infinity":6,"s:52:20:52:Infinity":7,"s:53:19:53:Infinity":8,"s:54:19:54:Infinity":9,"s:62:23:62:Infinity":10,"s:71:35:71:Infinity":11,"s:86:44:89:Infinity":12,"s:104:25:108:Infinity":13,"s:114:22:114:Infinity":14,"s:121:24:121:Infinity":15,"s:128:23:128:Infinity":16,"s:386:25:387:Infinity":17,"s:510:41:515:11":18,"s:520:35:529:Infinity":19,"s:534:25:537:Infinity":20,"s:542:25:545:Infinity":21,"s:550:26:553:Infinity":22,"s:626:31:626:Infinity":23}}}
,"C:\\Users\\Carlos Eduardo\\Desktop\\pasta projetos para git\\microservicos\\simple-aribnb\\services\\auth-service\\src\\repositories\\in-memory\\in-memory-auth-repository.ts": {"path":"C:\\Users\\Carlos Eduardo\\Desktop\\pasta projetos para git\\microservicos\\simple-aribnb\\services\\auth-service\\src\\repositories\\in-memory\\in-memory-auth-repository.ts","statementMap":{"0":{"start":{"line":7,"column":25},"end":{"line":7,"column":null}},"1":{"start":{"line":10,"column":17},"end":{"line":20,"column":null}},"2":{"start":{"line":22,"column":4},"end":{"line":22,"column":null}},"3":{"start":{"line":24,"column":4},"end":{"line":24,"column":null}},"4":{"start":{"line":27,"column":17},"end":{"line":27,"column":64}},"5":{"start":{"line":27,"column":43},"end":{"line":27,"column":64}},"6":{"start":{"line":29,"column":4},"end":{"line":30,"column":null}},"7":{"start":{"line":30,"column":6},"end":{"line":30,"column":null}},"8":{"start":{"line":33,"column":4},"end":{"line":33,"column":null}},"9":{"start":{"line":36,"column":17},"end":{"line":36,"column":58}},"10":{"start":{"line":36,"column":43},"end":{"line":36,"column":58}},"11":{"start":{"line":38,"column":4},"end":{"line":39,"column":null}},"12":{"start":{"line":39,"column":6},"end":{"line":39,"column":null}},"13":{"start":{"line":42,"column":4},"end":{"line":42,"column":null}},"14":{"start":{"line":45,"column":22},"end":{"line":45,"column":68}},"15":{"start":{"line":45,"column":53},"end":{"line":45,"column":68}},"16":{"start":{"line":47,"column":4},"end":{"line":48,"column":null}},"17":{"start":{"line":48,"column":6},"end":{"line":48,"column":null}},"18":{"start":{"line":51,"column":4},"end":{"line":51,"column":null}},"19":{"start":{"line":54,"column":22},"end":{"line":54,"column":68}},"20":{"start":{"line":54,"column":53},"end":{"line":54,"column":68}},"21":{"start":{"line":56,"column":4},"end":{"line":57,"column":null}},"22":{"start":{"line":57,"column":6},"end":{"line":57,"column":null}},"23":{"start":{"line":60,"column":17},"end":{"line":60,"column":null}},"24":{"start":{"line":61,"column":24},"end":{"line":65,"column":null}},"25":{"start":{"line":67,"column":4},"end":{"line":67,"column":null}},"26":{"start":{"line":69,"column":4},"end":{"line":69,"column":null}}},"fnMap":{"0":{"name":"(anonymous_0)","decl":{"start":{"line":9,"column":8},"end":{"line":9,"column":21}},"loc":{"start":{"line":9,"column":59},"end":{"line":24,"column":null}},"line":9},"1":{"name":"(anonymous_1)","decl":{"start":{"line":26,"column":8},"end":{"line":26,"column":20}},"loc":{"start":{"line":26,"column":57},"end":{"line":33,"column":null}},"line":26},"2":{"name":"(anonymous_2)","decl":{"start":{"line":27,"column":28},"end":{"line":27,"column":34}},"loc":{"start":{"line":27,"column":43},"end":{"line":27,"column":64}},"line":27},"3":{"name":"(anonymous_3)","decl":{"start":{"line":35,"column":8},"end":{"line":35,"column":17}},"loc":{"start":{"line":35,"column":51},"end":{"line":42,"column":null}},"line":35},"4":{"name":"(anonymous_4)","decl":{"start":{"line":36,"column":28},"end":{"line":36,"column":34}},"loc":{"start":{"line":36,"column":43},"end":{"line":36,"column":58}},"line":36},"5":{"name":"(anonymous_5)","decl":{"start":{"line":44,"column":8},"end":{"line":44,"column":19}},"loc":{"start":{"line":44,"column":46},"end":{"line":51,"column":null}},"line":44},"6":{"name":"(anonymous_6)","decl":{"start":{"line":45,"column":33},"end":{"line":45,"column":44}},"loc":{"start":{"line":45,"column":53},"end":{"line":45,"column":68}},"line":45},"7":{"name":"(anonymous_7)","decl":{"start":{"line":53,"column":8},"end":{"line":53,"column":24}},"loc":{"start":{"line":53,"column":69},"end":{"line":69,"column":null}},"line":53},"8":{"name":"(anonymous_8)","decl":{"start":{"line":54,"column":33},"end":{"line":54,"column":44}},"loc":{"start":{"line":54,"column":53},"end":{"line":54,"column":68}},"line":54}},"branchMap":{"0":{"loc":{"start":{"line":16,"column":16},"end":{"line":16,"column":null}},"type":"binary-expr","locations":[{"start":{"line":16,"column":16},"end":{"line":16,"column":35}},{"start":{"line":16,"column":35},"end":{"line":16,"column":null}}],"line":16},"1":{"loc":{"start":{"line":29,"column":4},"end":{"line":30,"column":null}},"type":"if","locations":[{"start":{"line":29,"column":4},"end":{"line":30,"column":null}},{"start":{},"end":{}}],"line":29},"2":{"loc":{"start":{"line":38,"column":4},"end":{"line":39,"column":null}},"type":"if","locations":[{"start":{"line":38,"column":4},"end":{"line":39,"column":null}},{"start":{},"end":{}}],"line":38},"3":{"loc":{"start":{"line":47,"column":4},"end":{"line":48,"column":null}},"type":"if","locations":[{"start":{"line":47,"column":4},"end":{"line":48,"column":null}},{"start":{},"end":{}}],"line":47},"4":{"loc":{"start":{"line":56,"column":4},"end":{"line":57,"column":null}},"type":"if","locations":[{"start":{"line":56,"column":4},"end":{"line":57,"column":null}},{"start":{},"end":{}}],"line":56}},"s":{"0":19,"1":6,"2":6,"3":6,"4":9,"5":3,"6":9,"7":6,"8":3,"9":4,"10":1,"11":4,"12":3,"13":1,"14":1,"15":1,"16":1,"17":0,"18":1,"19":2,"20":2,"21":2,"22":0,"23":2,"24":2,"25":2,"26":2},"f":{"0":6,"1":9,"2":3,"3":4,"4":1,"5":1,"6":1,"7":2,"8":2},"b":{"0":[6,3],"1":[6,3],"2":[3,1],"3":[0,1],"4":[0,2]},"meta":{"lastBranch":5,"lastFunction":9,"lastStatement":27,"seen":{"s:7:25:7:Infinity":0,"f:9:8:9:21":0,"s:10:17:20:Infinity":1,"b:16:16:16:35:16:35:16:Infinity":0,"s:22:4:22:Infinity":2,"s:24:4:24:Infinity":3,"f:26:8:26:20":1,"s:27:17:27:64":4,"f:27:28:27:34":2,"s:27:43:27:64":5,"b:29:4:30:Infinity:undefined:undefined:undefined:undefined":1,"s:29:4:30:Infinity":6,"s:30:6:30:Infinity":7,"s:33:4:33:Infinity":8,"f:35:8:35:17":3,"s:36:17:36:58":9,"f:36:28:36:34":4,"s:36:43:36:58":10,"b:38:4:39:Infinity:undefined:undefined:undefined:undefined":2,"s:38:4:39:Infinity":11,"s:39:6:39:Infinity":12,"s:42:4:42:Infinity":13,"f:44:8:44:19":5,"s:45:22:45:68":14,"f:45:33:45:44":6,"s:45:53:45:68":15,"b:47:4:48:Infinity:undefined:undefined:undefined:undefined":3,"s:47:4:48:Infinity":16,"s:48:6:48:Infinity":17,"s:51:4:51:Infinity":18,"f:53:8:53:24":7,"s:54:22:54:68":19,"f:54:33:54:44":8,"s:54:53:54:68":20,"b:56:4:57:Infinity:undefined:undefined:undefined:undefined":4,"s:56:4:57:Infinity":21,"s:57:6:57:Infinity":22,"s:60:17:60:Infinity":23,"s:61:24:65:Infinity":24,"s:67:4:67:Infinity":25,"s:69:4:69:Infinity":26}}}
,"C:\\Users\\Carlos Eduardo\\Desktop\\pasta projetos para git\\microservicos\\simple-aribnb\\services\\auth-service\\src\\use-cases\\createUser.ts": {"path":"C:\\Users\\Carlos Eduardo\\Desktop\\pasta projetos para git\\microservicos\\simple-aribnb\\services\\auth-service\\src\\use-cases\\createUser.ts","statementMap":{"0":{"start":{"line":14,"column":12},"end":{"line":14,"column":null}},"1":{"start":{"line":15,"column":12},"end":{"line":15,"column":null}},"2":{"start":{"line":16,"column":12},"end":{"line":16,"column":null}},"3":{"start":{"line":20,"column":19},"end":{"line":20,"column":45}},"4":{"start":{"line":22,"column":23},"end":{"line":22,"column":74}},"5":{"start":{"line":24,"column":4},"end":{"line":25,"column":null}},"6":{"start":{"line":25,"column":6},"end":{"line":25,"column":null}},"7":{"start":{"line":28,"column":22},"end":{"line":30,"column":null}},"8":{"start":{"line":33,"column":4},"end":{"line":34,"column":null}},"9":{"start":{"line":34,"column":6},"end":{"line":34,"column":null}},"10":{"start":{"line":37,"column":17},"end":{"line":42,"column":6}},"11":{"start":{"line":44,"column":22},"end":{"line":44,"column":null}},"12":{"start":{"line":45,"column":21},"end":{"line":45,"column":null}},"13":{"start":{"line":47,"column":21},"end":{"line":50,"column":null}},"14":{"start":{"line":53,"column":4},"end":{"line":54,"column":null}},"15":{"start":{"line":54,"column":6},"end":{"line":54,"column":null}},"16":{"start":{"line":57,"column":24},"end":{"line":59,"column":null}},"17":{"start":{"line":62,"column":4},"end":{"line":62,"column":null}}},"fnMap":{"0":{"name":"(anonymous_0)","decl":{"start":{"line":13,"column":2},"end":{"line":13,"column":null}},"loc":{"start":{"line":17,"column":4},"end":{"line":16,"column":null}},"line":17},"1":{"name":"(anonymous_1)","decl":{"start":{"line":19,"column":8},"end":{"line":19,"column":16}},"loc":{"start":{"line":19,"column":65},"end":{"line":62,"column":null}},"line":19}},"branchMap":{"0":{"loc":{"start":{"line":24,"column":4},"end":{"line":25,"column":null}},"type":"if","locations":[{"start":{"line":24,"column":4},"end":{"line":25,"column":null}},{"start":{},"end":{}}],"line":24},"1":{"loc":{"start":{"line":33,"column":4},"end":{"line":34,"column":null}},"type":"if","locations":[{"start":{"line":33,"column":4},"end":{"line":34,"column":null}},{"start":{},"end":{}}],"line":33},"2":{"loc":{"start":{"line":44,"column":22},"end":{"line":44,"column":null}},"type":"binary-expr","locations":[{"start":{"line":44,"column":22},"end":{"line":44,"column":53}},{"start":{"line":44,"column":57},"end":{"line":44,"column":null}}],"line":44},"3":{"loc":{"start":{"line":53,"column":4},"end":{"line":54,"column":null}},"type":"if","locations":[{"start":{"line":53,"column":4},"end":{"line":54,"column":null}},{"start":{},"end":{}}],"line":53}},"s":{"0":12,"1":12,"2":12,"3":13,"4":13,"5":5,"6":1,"7":4,"8":4,"9":1,"10":3,"11":3,"12":13,"13":13,"14":3,"15":1,"16":2,"17":2},"f":{"0":12,"1":13},"b":{"0":[1,4],"1":[1,3],"2":[3,0],"3":[1,2]},"meta":{"lastBranch":4,"lastFunction":2,"lastStatement":18,"seen":{"f:13:2:13:Infinity":0,"s:14:12:14:Infinity":0,"s:15:12:15:Infinity":1,"s:16:12:16:Infinity":2,"f:19:8:19:16":1,"s:20:19:20:45":3,"s:22:23:22:74":4,"b:24:4:25:Infinity:undefined:undefined:undefined:undefined":0,"s:24:4:25:Infinity":5,"s:25:6:25:Infinity":6,"s:28:22:30:Infinity":7,"b:33:4:34:Infinity:undefined:undefined:undefined:undefined":1,"s:33:4:34:Infinity":8,"s:34:6:34:Infinity":9,"s:37:17:42:6":10,"s:44:22:44:Infinity":11,"b:44:22:44:53:44:57:44:Infinity":2,"s:45:21:45:Infinity":12,"s:47:21:50:Infinity":13,"b:53:4:54:Infinity:undefined:undefined:undefined:undefined":3,"s:53:4:54:Infinity":14,"s:54:6:54:Infinity":15,"s:57:24:59:Infinity":16,"s:62:4:62:Infinity":17}}}
,"C:\\Users\\Carlos Eduardo\\Desktop\\pasta projetos para git\\microservicos\\simple-aribnb\\services\\auth-service\\src\\use-cases\\deleteUser.ts": {"path":"C:\\Users\\Carlos Eduardo\\Desktop\\pasta projetos para git\\microservicos\\simple-aribnb\\services\\auth-service\\src\\use-cases\\deleteUser.ts","statementMap":{"0":{"start":{"line":9,"column":12},"end":{"line":9,"column":null}},"1":{"start":{"line":10,"column":12},"end":{"line":10,"column":null}},"2":{"start":{"line":11,"column":12},"end":{"line":11,"column":null}},"3":{"start":{"line":15,"column":17},"end":{"line":15,"column":55}},"4":{"start":{"line":17,"column":4},"end":{"line":18,"column":null}},"5":{"start":{"line":18,"column":6},"end":{"line":18,"column":null}},"6":{"start":{"line":22,"column":4},"end":{"line":25,"column":null}},"7":{"start":{"line":23,"column":24},"end":{"line":23,"column":null}},"8":{"start":{"line":24,"column":23},"end":{"line":24,"column":null}},"9":{"start":{"line":25,"column":6},"end":{"line":25,"column":null}},"10":{"start":{"line":29,"column":4},"end":{"line":29,"column":null}},"11":{"start":{"line":32,"column":4},"end":{"line":32,"column":null}},"12":{"start":{"line":34,"column":4},"end":{"line":34,"column":null}}},"fnMap":{"0":{"name":"(anonymous_0)","decl":{"start":{"line":8,"column":2},"end":{"line":8,"column":null}},"loc":{"start":{"line":12,"column":4},"end":{"line":11,"column":null}},"line":12},"1":{"name":"(anonymous_1)","decl":{"start":{"line":14,"column":8},"end":{"line":14,"column":16}},"loc":{"start":{"line":14,"column":28},"end":{"line":34,"column":null}},"line":14}},"branchMap":{"0":{"loc":{"start":{"line":17,"column":4},"end":{"line":18,"column":null}},"type":"if","locations":[{"start":{"line":17,"column":4},"end":{"line":18,"column":null}},{"start":{},"end":{}}],"line":17},"1":{"loc":{"start":{"line":22,"column":4},"end":{"line":25,"column":null}},"type":"if","locations":[{"start":{"line":22,"column":4},"end":{"line":25,"column":null}},{"start":{},"end":{}}],"line":22},"2":{"loc":{"start":{"line":23,"column":24},"end":{"line":23,"column":null}},"type":"binary-expr","locations":[{"start":{"line":23,"column":24},"end":{"line":23,"column":51}},{"start":{"line":23,"column":55},"end":{"line":23,"column":null}}],"line":23}},"s":{"0":2,"1":2,"2":2,"3":2,"4":2,"5":1,"6":1,"7":1,"8":1,"9":1,"10":1,"11":1,"12":1},"f":{"0":2,"1":2},"b":{"0":[1,1],"1":[1,0],"2":[1,0]},"meta":{"lastBranch":3,"lastFunction":2,"lastStatement":13,"seen":{"f:8:2:8:Infinity":0,"s:9:12:9:Infinity":0,"s:10:12:10:Infinity":1,"s:11:12:11:Infinity":2,"f:14:8:14:16":1,"s:15:17:15:55":3,"b:17:4:18:Infinity:undefined:undefined:undefined:undefined":0,"s:17:4:18:Infinity":4,"s:18:6:18:Infinity":5,"b:22:4:25:Infinity:undefined:undefined:undefined:undefined":1,"s:22:4:25:Infinity":6,"s:23:24:23:Infinity":7,"b:23:24:23:51:23:55:23:Infinity":2,"s:24:23:24:Infinity":8,"s:25:6:25:Infinity":9,"s:29:4:29:Infinity":10,"s:32:4:32:Infinity":11,"s:34:4:34:Infinity":12}}}
,"C:\\Users\\Carlos Eduardo\\Desktop\\pasta projetos para git\\microservicos\\simple-aribnb\\services\\auth-service\\src\\use-cases\\loginUser.ts": {"path":"C:\\Users\\Carlos Eduardo\\Desktop\\pasta projetos para git\\microservicos\\simple-aribnb\\services\\auth-service\\src\\use-cases\\loginUser.ts","statementMap":{"0":{"start":{"line":8,"column":12},"end":{"line":8,"column":null}},"1":{"start":{"line":9,"column":12},"end":{"line":9,"column":null}},"2":{"start":{"line":13,"column":17},"end":{"line":13,"column":68}},"3":{"start":{"line":15,"column":4},"end":{"line":16,"column":null}},"4":{"start":{"line":16,"column":6},"end":{"line":16,"column":null}},"5":{"start":{"line":19,"column":17},"end":{"line":19,"column":79}},"6":{"start":{"line":21,"column":4},"end":{"line":22,"column":null}},"7":{"start":{"line":22,"column":6},"end":{"line":22,"column":null}},"8":{"start":{"line":25,"column":4},"end":{"line":25,"column":null}}},"fnMap":{"0":{"name":"(anonymous_0)","decl":{"start":{"line":7,"column":2},"end":{"line":7,"column":null}},"loc":{"start":{"line":10,"column":4},"end":{"line":9,"column":null}},"line":10},"1":{"name":"(anonymous_1)","decl":{"start":{"line":12,"column":8},"end":{"line":12,"column":16}},"loc":{"start":{"line":12,"column":34},"end":{"line":25,"column":null}},"line":12}},"branchMap":{"0":{"loc":{"start":{"line":15,"column":4},"end":{"line":16,"column":null}},"type":"if","locations":[{"start":{"line":15,"column":4},"end":{"line":16,"column":null}},{"start":{},"end":{}}],"line":15},"1":{"loc":{"start":{"line":21,"column":4},"end":{"line":22,"column":null}},"type":"if","locations":[{"start":{"line":21,"column":4},"end":{"line":22,"column":null}},{"start":{},"end":{}}],"line":21},"2":{"loc":{"start":{"line":21,"column":8},"end":{"line":21,"column":45}},"type":"binary-expr","locations":[{"start":{"line":21,"column":8},"end":{"line":21,"column":17}},{"start":{"line":21,"column":17},"end":{"line":21,"column":45}}],"line":21}},"s":{"0":3,"1":3,"2":3,"3":3,"4":1,"5":2,"6":2,"7":1,"8":1},"f":{"0":3,"1":3},"b":{"0":[1,2],"1":[1,1],"2":[2,1]},"meta":{"lastBranch":3,"lastFunction":2,"lastStatement":9,"seen":{"f:7:2:7:Infinity":0,"s:8:12:8:Infinity":0,"s:9:12:9:Infinity":1,"f:12:8:12:16":1,"s:13:17:13:68":2,"b:15:4:16:Infinity:undefined:undefined:undefined:undefined":0,"s:15:4:16:Infinity":3,"s:16:6:16:Infinity":4,"s:19:17:19:79":5,"b:21:4:22:Infinity:undefined:undefined:undefined:undefined":1,"s:21:4:22:Infinity":6,"b:21:8:21:17:21:17:21:45":2,"s:22:6:22:Infinity":7,"s:25:4:25:Infinity":8}}}
,"C:\\Users\\Carlos Eduardo\\Desktop\\pasta projetos para git\\microservicos\\simple-aribnb\\services\\auth-service\\src\\use-cases\\errors\\AuthenticationFailedError.ts": {"path":"C:\\Users\\Carlos Eduardo\\Desktop\\pasta projetos para git\\microservicos\\simple-aribnb\\services\\auth-service\\src\\use-cases\\errors\\AuthenticationFailedError.ts","statementMap":{"0":{"start":{"line":3,"column":4},"end":{"line":3,"column":null}},"1":{"start":{"line":4,"column":4},"end":{"line":4,"column":null}}},"fnMap":{"0":{"name":"(anonymous_0)","decl":{"start":{"line":2,"column":2},"end":{"line":2,"column":16}},"loc":{"start":{"line":2,"column":16},"end":{"line":4,"column":null}},"line":2}},"branchMap":{},"s":{"0":1,"1":1},"f":{"0":1},"b":{},"meta":{"lastBranch":0,"lastFunction":1,"lastStatement":2,"seen":{"f:2:2:2:16":0,"s:3:4:3:Infinity":0,"s:4:4:4:Infinity":1}}}
,"C:\\Users\\Carlos Eduardo\\Desktop\\pasta projetos para git\\microservicos\\simple-aribnb\\services\\auth-service\\src\\use-cases\\errors\\CognitoUserCreationError.ts": {"path":"C:\\Users\\Carlos Eduardo\\Desktop\\pasta projetos para git\\microservicos\\simple-aribnb\\services\\auth-service\\src\\use-cases\\errors\\CognitoUserCreationError.ts","statementMap":{"0":{"start":{"line":3,"column":4},"end":{"line":3,"column":null}},"1":{"start":{"line":4,"column":4},"end":{"line":4,"column":null}}},"fnMap":{"0":{"name":"(anonymous_0)","decl":{"start":{"line":2,"column":2},"end":{"line":2,"column":16}},"loc":{"start":{"line":2,"column":16},"end":{"line":4,"column":null}},"line":2}},"branchMap":{},"s":{"0":1,"1":1},"f":{"0":1},"b":{},"meta":{"lastBranch":0,"lastFunction":1,"lastStatement":2,"seen":{"f:2:2:2:16":0,"s:3:4:3:Infinity":0,"s:4:4:4:Infinity":1}}}
,"C:\\Users\\Carlos Eduardo\\Desktop\\pasta projetos para git\\microservicos\\simple-aribnb\\services\\auth-service\\src\\use-cases\\errors\\ImageUploadError.ts": {"path":"C:\\Users\\Carlos Eduardo\\Desktop\\pasta projetos para git\\microservicos\\simple-aribnb\\services\\auth-service\\src\\use-cases\\errors\\ImageUploadError.ts","statementMap":{"0":{"start":{"line":3,"column":4},"end":{"line":3,"column":null}},"1":{"start":{"line":4,"column":4},"end":{"line":4,"column":null}}},"fnMap":{"0":{"name":"(anonymous_0)","decl":{"start":{"line":2,"column":2},"end":{"line":2,"column":16}},"loc":{"start":{"line":2,"column":16},"end":{"line":4,"column":null}},"line":2}},"branchMap":{},"s":{"0":1,"1":1},"f":{"0":1},"b":{},"meta":{"lastBranch":0,"lastFunction":1,"lastStatement":2,"seen":{"f:2:2:2:16":0,"s:3:4:3:Infinity":0,"s:4:4:4:Infinity":1}}}
,"C:\\Users\\Carlos Eduardo\\Desktop\\pasta projetos para git\\microservicos\\simple-aribnb\\services\\auth-service\\src\\use-cases\\errors\\UserAlreadyExistsError.ts": {"path":"C:\\Users\\Carlos Eduardo\\Desktop\\pasta projetos para git\\microservicos\\simple-aribnb\\services\\auth-service\\src\\use-cases\\errors\\UserAlreadyExistsError.ts","statementMap":{"0":{"start":{"line":3,"column":4},"end":{"line":3,"column":null}},"1":{"start":{"line":4,"column":4},"end":{"line":4,"column":null}}},"fnMap":{"0":{"name":"(anonymous_0)","decl":{"start":{"line":2,"column":2},"end":{"line":2,"column":14}},"loc":{"start":{"line":2,"column":29},"end":{"line":4,"column":null}},"line":2}},"branchMap":{},"s":{"0":1,"1":1},"f":{"0":1},"b":{},"meta":{"lastBranch":0,"lastFunction":1,"lastStatement":2,"seen":{"f:2:2:2:14":0,"s:3:4:3:Infinity":0,"s:4:4:4:Infinity":1}}}
,"C:\\Users\\Carlos Eduardo\\Desktop\\pasta projetos para git\\microservicos\\simple-aribnb\\services\\auth-service\\src\\use-cases\\errors\\UserNotFoundError.ts": {"path":"C:\\Users\\Carlos Eduardo\\Desktop\\pasta projetos para git\\microservicos\\simple-aribnb\\services\\auth-service\\src\\use-cases\\errors\\UserNotFoundError.ts","statementMap":{"0":{"start":{"line":3,"column":4},"end":{"line":3,"column":null}},"1":{"start":{"line":4,"column":4},"end":{"line":4,"column":null}}},"fnMap":{"0":{"name":"(anonymous_0)","decl":{"start":{"line":2,"column":2},"end":{"line":2,"column":14}},"loc":{"start":{"line":2,"column":35},"end":{"line":4,"column":null}},"line":2}},"branchMap":{"0":{"loc":{"start":{"line":3,"column":10},"end":{"line":3,"column":73}},"type":"cond-expr","locations":[{"start":{"line":3,"column":23},"end":{"line":3,"column":56}},{"start":{"line":3,"column":56},"end":{"line":3,"column":73}}],"line":3}},"s":{"0":2,"1":2},"f":{"0":2},"b":{"0":[2,0]},"meta":{"lastBranch":1,"lastFunction":1,"lastStatement":2,"seen":{"f:2:2:2:14":0,"s:3:4:3:Infinity":0,"b:3:23:3:56:3:56:3:73":0,"s:4:4:4:Infinity":1}}}
,"C:\\Users\\Carlos Eduardo\\Desktop\\pasta projetos para git\\microservicos\\simple-aribnb\\services\\auth-service\\src\\use-cases\\errors\\index.ts": {"path":"C:\\Users\\Carlos Eduardo\\Desktop\\pasta projetos para git\\microservicos\\simple-aribnb\\services\\auth-service\\src\\use-cases\\errors\\index.ts","statementMap":{},"fnMap":{},"branchMap":{},"s":{},"f":{},"b":{},"meta":{"lastBranch":0,"lastFunction":0,"lastStatement":0,"seen":{}}}
}
